# JRE version: Java(TM) SE Runtime Environment (8.0_45-b15) (build 1.8.0_45-b15)
# Java VM: Java HotSpot(TM) 64-Bit Server VM (25.45-b02 mixed mode windows-amd64 compressed oops)
Heap:
 PSYoungGen      total 154112K, used 133174K [0x00000000eb300000, 0x00000000f5a00000, 0x0000000100000000)
  eden space 146944K, 89% used [0x00000000eb300000,0x00000000f33fc490,0x00000000f4280000)
  from space 7168K, 15% used [0x00000000f4280000,0x00000000f43916e0,0x00000000f4980000)
  to   space 7168K, 0% used [0x00000000f5300000,0x00000000f5300000,0x00000000f5a00000)
 ParOldGen       total 112640K, used 78569K [0x00000000c1800000, 0x00000000c8600000, 0x00000000eb300000)
  object space 112640K, 69% used [0x00000000c1800000,0x00000000c64ba668,0x00000000c8600000)
 Metaspace       used 17501K, capacity 17708K, committed 18048K, reserved 1064960K
  class space    used 1813K, capacity 1888K, committed 1920K, reserved 1048576K
GC Heap History (10 events):
Event: 17.105 GC heap before
{Heap before GC invocations=10 (full 2):
 PSYoungGen      total 120832K, used 1653K [0x00000000eb300000, 0x00000000f3200000, 0x0000000100000000)
  eden space 115712K, 0% used [0x00000000eb300000,0x00000000eb300000,0x00000000f2400000)
  from space 5120K, 32% used [0x00000000f2d00000,0x00000000f2e9d650,0x00000000f3200000)
  to   space 7168K, 0% used [0x00000000f2400000,0x00000000f2400000,0x00000000f2b00000)
 ParOldGen       total 56320K, used 44565K [0x00000000c1800000, 0x00000000c4f00000, 0x00000000eb300000)
  object space 56320K, 79% used [0x00000000c1800000,0x00000000c43857e8,0x00000000c4f00000)
 Metaspace       used 16394K, capacity 16588K, committed 16896K, reserved 1064960K
  class space    used 1725K, capacity 1792K, committed 1792K, reserved 1048576K
Event: 17.163 GC heap after
Heap after GC invocations=10 (full 2):
 PSYoungGen      total 120832K, used 0K [0x00000000eb300000, 0x00000000f3200000, 0x0000000100000000)
  eden space 115712K, 0% used [0x00000000eb300000,0x00000000eb300000,0x00000000f2400000)
  from space 5120K, 0% used [0x00000000f2d00000,0x00000000f2d00000,0x00000000f3200000)
  to   space 7168K, 0% used [0x00000000f2400000,0x00000000f2400000,0x00000000f2b00000)
 ParOldGen       total 82944K, used 31835K [0x00000000c1800000, 0x00000000c6900000, 0x00000000eb300000)
  object space 82944K, 38% used [0x00000000c1800000,0x00000000c3716e50,0x00000000c6900000)
 Metaspace       used 16394K, capacity 16588K, committed 16896K, reserved 1064960K
  class space    used 1725K, capacity 1792K, committed 1792K, reserved 1048576K
}
Event: 18.442 GC heap before
{Heap before GC invocations=11 (full 2):
 PSYoungGen      total 120832K, used 115712K [0x00000000eb300000, 0x00000000f3200000, 0x0000000100000000)
  eden space 115712K, 100% used [0x00000000eb300000,0x00000000f2400000,0x00000000f2400000)
  from space 5120K, 0% used [0x00000000f2d00000,0x00000000f2d00000,0x00000000f3200000)
  to   space 7168K, 0% used [0x00000000f2400000,0x00000000f2400000,0x00000000f2b00000)
 ParOldGen       total 82944K, used 31835K [0x00000000c1800000, 0x00000000c6900000, 0x00000000eb300000)
  object space 82944K, 38% used [0x00000000c1800000,0x00000000c3716e50,0x00000000c6900000)
 Metaspace       used 16396K, capacity 16588K, committed 16896K, reserved 1064960K
  class space    used 1725K, capacity 1792K, committed 1792K, reserved 1048576K
Event: 18.466 GC heap after
Heap after GC invocations=11 (full 2):
 PSYoungGen      total 122880K, used 64K [0x00000000eb300000, 0x00000000f5680000, 0x0000000100000000)
  eden space 115712K, 0% used [0x00000000eb300000,0x00000000eb300000,0x00000000f2400000)
  from space 7168K, 0% used [0x00000000f2400000,0x00000000f2410000,0x00000000f2b00000)
  to   space 7168K, 0% used [0x00000000f4f80000,0x00000000f4f80000,0x00000000f5680000)
 ParOldGen       total 82944K, used 62927K [0x00000000c1800000, 0x00000000c6900000, 0x00000000eb300000)
  object space 82944K, 75% used [0x00000000c1800000,0x00000000c5573e28,0x00000000c6900000)
 Metaspace       used 16396K, capacity 16588K, committed 16896K, reserved 1064960K
  class space    used 1725K, capacity 1792K, committed 1792K, reserved 1048576K
}
Event: 18.466 GC heap before
{Heap before GC invocations=12 (full 3):
 PSYoungGen      total 122880K, used 64K [0x00000000eb300000, 0x00000000f5680000, 0x0000000100000000)
  eden space 115712K, 0% used [0x00000000eb300000,0x00000000eb300000,0x00000000f2400000)
  from space 7168K, 0% used [0x00000000f2400000,0x00000000f2410000,0x00000000f2b00000)
  to   space 7168K, 0% used [0x00000000f4f80000,0x00000000f4f80000,0x00000000f5680000)
 ParOldGen       total 82944K, used 62927K [0x00000000c1800000, 0x00000000c6900000, 0x00000000eb300000)
  object space 82944K, 75% used [0x00000000c1800000,0x00000000c5573e28,0x00000000c6900000)
 Metaspace       used 16396K, capacity 16588K, committed 16896K, reserved 1064960K
  class space    used 1725K, capacity 1792K, committed 1792K, reserved 1048576K
Event: 18.566 GC heap after
Heap after GC invocations=12 (full 3):
 PSYoungGen      total 122880K, used 0K [0x00000000eb300000, 0x00000000f5680000, 0x0000000100000000)
  eden space 115712K, 0% used [0x00000000eb300000,0x00000000eb300000,0x00000000f2400000)
  from space 7168K, 0% used [0x00000000f2400000,0x00000000f2400000,0x00000000f2b00000)
  to   space 7168K, 0% used [0x00000000f4f80000,0x00000000f4f80000,0x00000000f5680000)
 ParOldGen       total 112640K, used 41404K [0x00000000c1800000, 0x00000000c8600000, 0x00000000eb300000)
  object space 112640K, 36% used [0x00000000c1800000,0x00000000c406f328,0x00000000c8600000)
 Metaspace       used 16396K, capacity 16588K, committed 16896K, reserved 1064960K
  class space    used 1725K, capacity 1792K, committed 1792K, reserved 1048576K
}
Event: 20.791 GC heap before
{Heap before GC invocations=13 (full 3):
 PSYoungGen      total 122880K, used 115449K [0x00000000eb300000, 0x00000000f5680000, 0x0000000100000000)
  eden space 115712K, 99% used [0x00000000eb300000,0x00000000f23be500,0x00000000f2400000)
  from space 7168K, 0% used [0x00000000f2400000,0x00000000f2400000,0x00000000f2b00000)
  to   space 7168K, 0% used [0x00000000f4f80000,0x00000000f4f80000,0x00000000f5680000)
 ParOldGen       total 112640K, used 41404K [0x00000000c1800000, 0x00000000c8600000, 0x00000000eb300000)
  object space 112640K, 36% used [0x00000000c1800000,0x00000000c406f328,0x00000000c8600000)
 Metaspace       used 16400K, capacity 16588K, committed 16896K, reserved 1064960K
  class space    used 1725K, capacity 1792K, committed 1792K, reserved 1048576K
Event: 20.801 GC heap after
Heap after GC invocations=13 (full 3):
 PSYoungGen      total 136704K, used 871K [0x00000000eb300000, 0x00000000f5080000, 0x0000000100000000)
  eden space 135680K, 0% used [0x00000000eb300000,0x00000000eb300000,0x00000000f3780000)
  from space 1024K, 85% used [0x00000000f4f80000,0x00000000f5059f18,0x00000000f5080000)
  to   space 7168K, 0% used [0x00000000f4280000,0x00000000f4280000,0x00000000f4980000)
 ParOldGen       total 112640K, used 61133K [0x00000000c1800000, 0x00000000c8600000, 0x00000000eb300000)
  object space 112640K, 54% used [0x00000000c1800000,0x00000000c53b35d0,0x00000000c8600000)
 Metaspace       used 16400K, capacity 16588K, committed 16896K, reserved 1064960K
  class space    used 1725K, capacity 1792K, committed 1792K, reserved 1048576K
}
Event: 22.890 GC heap before
{Heap before GC invocations=14 (full 3):
 PSYoungGen      total 136704K, used 136551K [0x00000000eb300000, 0x00000000f5080000, 0x0000000100000000)
  eden space 135680K, 100% used [0x00000000eb300000,0x00000000f3780000,0x00000000f3780000)
  from space 1024K, 85% used [0x00000000f4f80000,0x00000000f5059f18,0x00000000f5080000)
  to   space 7168K, 0% used [0x00000000f4280000,0x00000000f4280000,0x00000000f4980000)
 ParOldGen       total 112640K, used 61133K [0x00000000c1800000, 0x00000000c8600000, 0x00000000eb300000)
  object space 112640K, 54% used [0x00000000c1800000,0x00000000c53b35d0,0x00000000c8600000)
 Metaspace       used 16613K, capacity 16812K, committed 17024K, reserved 1064960K
  class space    used 1745K, capacity 1824K, committed 1920K, reserved 1048576K
Event: 22.902 GC heap after
Heap after GC invocations=14 (full 3):
 PSYoungGen      total 154112K, used 1093K [0x00000000eb300000, 0x00000000f5a00000, 0x0000000100000000)
  eden space 146944K, 0% used [0x00000000eb300000,0x00000000eb300000,0x00000000f4280000)
  from space 7168K, 15% used [0x00000000f4280000,0x00000000f43916e0,0x00000000f4980000)
  to   space 7168K, 0% used [0x00000000f5300000,0x00000000f5300000,0x00000000f5a00000)
 ParOldGen       total 112640K, used 78569K [0x00000000c1800000, 0x00000000c8600000, 0x00000000eb300000)
  object space 112640K, 69% used [0x00000000c1800000,0x00000000c64ba668,0x00000000c8600000)
 Metaspace       used 16613K, capacity 16812K, committed 17024K, reserved 1064960K
  class space    used 1745K, capacity 1824K, committed 1920K, reserved 1048576K
}

