# JRE version: Java(TM) SE Runtime Environment (8.0_45-b15) (build 1.8.0_45-b15)
# Java VM: Java HotSpot(TM) 64-Bit Server VM (25.45-b02 mixed mode windows-amd64 compressed oops)
Heap:
 PSYoungGen      total 178176K, used 50405K [0x00000000eb300000, 0x00000000f9800000, 0x0000000100000000)
  eden space 164352K, 22% used [0x00000000eb300000,0x00000000ed6c0910,0x00000000f5380000)
  from space 13824K, 99% used [0x00000000f6c00000,0x00000000f7978ec8,0x00000000f7980000)
  to   space 25088K, 0% used [0x00000000f5380000,0x00000000f5380000,0x00000000f6c00000)
 ParOldGen       total 139264K, used 94871K [0x00000000c1800000, 0x00000000ca000000, 0x00000000eb300000)
  object space 139264K, 68% used [0x00000000c1800000,0x00000000c74a5d38,0x00000000ca000000)
 Metaspace       used 17451K, capacity 17644K, committed 17792K, reserved 1064960K
  class space    used 1812K, capacity 1888K, committed 1920K, reserved 1048576K
GC Heap History (10 events):
Event: 12.624 GC heap before
{Heap before GC invocations=11 (full 2):
 PSYoungGen      total 116224K, used 6956K [0x00000000eb300000, 0x00000000f5500000, 0x0000000100000000)
  eden space 104448K, 0% used [0x00000000eb300000,0x00000000eb300000,0x00000000f1900000)
  from space 11776K, 59% used [0x00000000f1900000,0x00000000f1fcb010,0x00000000f2480000)
  to   space 11776K, 0% used [0x00000000f4980000,0x00000000f4980000,0x00000000f5500000)
 ParOldGen       total 58368K, used 47333K [0x00000000c1800000, 0x00000000c5100000, 0x00000000eb300000)
  object space 58368K, 81% used [0x00000000c1800000,0x00000000c4639640,0x00000000c5100000)
 Metaspace       used 16366K, capacity 16588K, committed 16896K, reserved 1064960K
  class space    used 1724K, capacity 1792K, committed 1792K, reserved 1048576K
Event: 12.688 GC heap after
Heap after GC invocations=11 (full 2):
 PSYoungGen      total 116224K, used 0K [0x00000000eb300000, 0x00000000f5500000, 0x0000000100000000)
  eden space 104448K, 0% used [0x00000000eb300000,0x00000000eb300000,0x00000000f1900000)
  from space 11776K, 0% used [0x00000000f1900000,0x00000000f1900000,0x00000000f2480000)
  to   space 11776K, 0% used [0x00000000f4980000,0x00000000f4980000,0x00000000f5500000)
 ParOldGen       total 83456K, used 32471K [0x00000000c1800000, 0x00000000c6980000, 0x00000000eb300000)
  object space 83456K, 38% used [0x00000000c1800000,0x00000000c37b5c80,0x00000000c6980000)
 Metaspace       used 16366K, capacity 16588K, committed 16896K, reserved 1064960K
  class space    used 1724K, capacity 1792K, committed 1792K, reserved 1048576K
}
Event: 14.089 GC heap before
{Heap before GC invocations=12 (full 2):
 PSYoungGen      total 116224K, used 104448K [0x00000000eb300000, 0x00000000f5500000, 0x0000000100000000)
  eden space 104448K, 100% used [0x00000000eb300000,0x00000000f1900000,0x00000000f1900000)
  from space 11776K, 0% used [0x00000000f1900000,0x00000000f1900000,0x00000000f2480000)
  to   space 11776K, 0% used [0x00000000f4980000,0x00000000f4980000,0x00000000f5500000)
 ParOldGen       total 83456K, used 32471K [0x00000000c1800000, 0x00000000c6980000, 0x00000000eb300000)
  object space 83456K, 38% used [0x00000000c1800000,0x00000000c37b5c80,0x00000000c6980000)
 Metaspace       used 16366K, capacity 16588K, committed 16896K, reserved 1064960K
  class space    used 1724K, capacity 1792K, committed 1792K, reserved 1048576K
Event: 14.105 GC heap after
Heap after GC invocations=12 (full 2):
 PSYoungGen      total 147968K, used 11600K [0x00000000eb300000, 0x00000000f5500000, 0x0000000100000000)
  eden space 136192K, 0% used [0x00000000eb300000,0x00000000eb300000,0x00000000f3800000)
  from space 11776K, 98% used [0x00000000f4980000,0x00000000f54d4298,0x00000000f5500000)
  to   space 13312K, 0% used [0x00000000f3b00000,0x00000000f3b00000,0x00000000f4800000)
 ParOldGen       total 83456K, used 50466K [0x00000000c1800000, 0x00000000c6980000, 0x00000000eb300000)
  object space 83456K, 60% used [0x00000000c1800000,0x00000000c4948820,0x00000000c6980000)
 Metaspace       used 16366K, capacity 16588K, committed 16896K, reserved 1064960K
  class space    used 1724K, capacity 1792K, committed 1792K, reserved 1048576K
}
Event: 16.170 GC heap before
{Heap before GC invocations=13 (full 2):
 PSYoungGen      total 147968K, used 142870K [0x00000000eb300000, 0x00000000f5500000, 0x0000000100000000)
  eden space 136192K, 96% used [0x00000000eb300000,0x00000000f33318b8,0x00000000f3800000)
  from space 11776K, 98% used [0x00000000f4980000,0x00000000f54d4298,0x00000000f5500000)
  to   space 13312K, 0% used [0x00000000f3b00000,0x00000000f3b00000,0x00000000f4800000)
 ParOldGen       total 83456K, used 50466K [0x00000000c1800000, 0x00000000c6980000, 0x00000000eb300000)
  object space 83456K, 60% used [0x00000000c1800000,0x00000000c4948820,0x00000000c6980000)
 Metaspace       used 16368K, capacity 16588K, committed 16896K, reserved 1064960K
  class space    used 1724K, capacity 1792K, committed 1792K, reserved 1048576K
Event: 16.191 GC heap after
Heap after GC invocations=13 (full 2):
 PSYoungGen      total 152576K, used 8398K [0x00000000eb300000, 0x00000000f7980000, 0x0000000100000000)
  eden space 139264K, 0% used [0x00000000eb300000,0x00000000eb300000,0x00000000f3b00000)
  from space 13312K, 63% used [0x00000000f3b00000,0x00000000f43339f8,0x00000000f4800000)
  to   space 13824K, 0% used [0x00000000f6c00000,0x00000000f6c00000,0x00000000f7980000)
 ParOldGen       total 83456K, used 71160K [0x00000000c1800000, 0x00000000c6980000, 0x00000000eb300000)
  object space 83456K, 85% used [0x00000000c1800000,0x00000000c5d7e158,0x00000000c6980000)
 Metaspace       used 16368K, capacity 16588K, committed 16896K, reserved 1064960K
  class space    used 1724K, capacity 1792K, committed 1792K, reserved 1048576K
}
Event: 16.191 GC heap before
{Heap before GC invocations=14 (full 3):
 PSYoungGen      total 152576K, used 8398K [0x00000000eb300000, 0x00000000f7980000, 0x0000000100000000)
  eden space 139264K, 0% used [0x00000000eb300000,0x00000000eb300000,0x00000000f3b00000)
  from space 13312K, 63% used [0x00000000f3b00000,0x00000000f43339f8,0x00000000f4800000)
  to   space 13824K, 0% used [0x00000000f6c00000,0x00000000f6c00000,0x00000000f7980000)
 ParOldGen       total 83456K, used 71160K [0x00000000c1800000, 0x00000000c6980000, 0x00000000eb300000)
  object space 83456K, 85% used [0x00000000c1800000,0x00000000c5d7e158,0x00000000c6980000)
 Metaspace       used 16368K, capacity 16588K, committed 16896K, reserved 1064960K
  class space    used 1724K, capacity 1792K, committed 1792K, reserved 1048576K
Event: 16.290 GC heap after
Heap after GC invocations=14 (full 3):
 PSYoungGen      total 152576K, used 0K [0x00000000eb300000, 0x00000000f7980000, 0x0000000100000000)
  eden space 139264K, 0% used [0x00000000eb300000,0x00000000eb300000,0x00000000f3b00000)
  from space 13312K, 0% used [0x00000000f3b00000,0x00000000f3b00000,0x00000000f4800000)
  to   space 13824K, 0% used [0x00000000f6c00000,0x00000000f6c00000,0x00000000f7980000)
 ParOldGen       total 139264K, used 70369K [0x00000000c1800000, 0x00000000ca000000, 0x00000000eb300000)
  object space 139264K, 50% used [0x00000000c1800000,0x00000000c5cb8638,0x00000000ca000000)
 Metaspace       used 16368K, capacity 16588K, committed 16896K, reserved 1064960K
  class space    used 1724K, capacity 1792K, committed 1792K, reserved 1048576K
}
Event: 18.204 GC heap before
{Heap before GC invocations=15 (full 3):
 PSYoungGen      total 152576K, used 139264K [0x00000000eb300000, 0x00000000f7980000, 0x0000000100000000)
  eden space 139264K, 100% used [0x00000000eb300000,0x00000000f3b00000,0x00000000f3b00000)
  from space 13312K, 0% used [0x00000000f3b00000,0x00000000f3b00000,0x00000000f4800000)
  to   space 13824K, 0% used [0x00000000f6c00000,0x00000000f6c00000,0x00000000f7980000)
 ParOldGen       total 139264K, used 70369K [0x00000000c1800000, 0x00000000ca000000, 0x00000000eb300000)
  object space 139264K, 50% used [0x00000000c1800000,0x00000000c5cb8638,0x00000000ca000000)
 Metaspace       used 17053K, capacity 17260K, committed 17536K, reserved 1064960K
  class space    used 1768K, capacity 1824K, committed 1920K, reserved 1048576K
Event: 18.299 GC heap after
Heap after GC invocations=15 (full 3):
 PSYoungGen      total 178176K, used 13795K [0x00000000eb300000, 0x00000000f9800000, 0x0000000100000000)
  eden space 164352K, 0% used [0x00000000eb300000,0x00000000eb300000,0x00000000f5380000)
  from space 13824K, 99% used [0x00000000f6c00000,0x00000000f7978ec8,0x00000000f7980000)
  to   space 25088K, 0% used [0x00000000f5380000,0x00000000f5380000,0x00000000f6c00000)
 ParOldGen       total 139264K, used 94871K [0x00000000c1800000, 0x00000000ca000000, 0x00000000eb300000)
  object space 139264K, 68% used [0x00000000c1800000,0x00000000c74a5d38,0x00000000ca000000)
 Metaspace       used 17053K, capacity 17260K, committed 17536K, reserved 1064960K
  class space    used 1768K, capacity 1824K, committed 1920K, reserved 1048576K
}

