# JRE version: Java(TM) SE Runtime Environment (8.0_45-b15) (build 1.8.0_45-b15)
# Java VM: Java HotSpot(TM) 64-Bit Server VM (25.45-b02 mixed mode windows-amd64 compressed oops)
Heap:
 PSYoungGen      total 192512K, used 157520K [0x00000000eb300000, 0x00000000fc680000, 0x0000000100000000)
  eden space 166912K, 82% used [0x00000000eb300000,0x00000000f3a3c2b8,0x00000000f5600000)
  from space 25600K, 74% used [0x00000000f5600000,0x00000000f6897f38,0x00000000f6f00000)
  to   space 27136K, 0% used [0x00000000fac00000,0x00000000fac00000,0x00000000fc680000)
 ParOldGen       total 111616K, used 53493K [0x00000000c1800000, 0x00000000c8500000, 0x00000000eb300000)
  object space 111616K, 47% used [0x00000000c1800000,0x00000000c4c3d6e0,0x00000000c8500000)
 Metaspace       used 17462K, capacity 17676K, committed 17792K, reserved 1064960K
  class space    used 1815K, capacity 1920K, committed 1920K, reserved 1048576K
GC Heap History (10 events):
Event: 11.301 GC heap before
{Heap before GC invocations=7 (full 1):
 PSYoungGen      total 68096K, used 65524K [0x00000000eb300000, 0x00000000f6200000, 0x0000000100000000)
  eden space 65536K, 99% used [0x00000000eb300000,0x00000000ef2fd2c8,0x00000000ef300000)
  from space 2560K, 0% used [0x00000000ef300000,0x00000000ef300000,0x00000000ef580000)
  to   space 24064K, 0% used [0x00000000f4a80000,0x00000000f4a80000,0x00000000f6200000)
 ParOldGen       total 60928K, used 17208K [0x00000000c1800000, 0x00000000c5380000, 0x00000000eb300000)
  object space 60928K, 28% used [0x00000000c1800000,0x00000000c28ce078,0x00000000c5380000)
 Metaspace       used 16352K, capacity 16524K, committed 16640K, reserved 1064960K
  class space    used 1727K, capacity 1792K, committed 1792K, reserved 1048576K
Event: 11.324 GC heap after
Heap after GC invocations=7 (full 1):
 PSYoungGen      total 115712K, used 8839K [0x00000000eb300000, 0x00000000f5380000, 0x0000000100000000)
  eden space 106496K, 0% used [0x00000000eb300000,0x00000000eb300000,0x00000000f1b00000)
  from space 9216K, 95% used [0x00000000f4a80000,0x00000000f5321fe0,0x00000000f5380000)
  to   space 22016K, 0% used [0x00000000f2880000,0x00000000f2880000,0x00000000f3e00000)
 ParOldGen       total 60928K, used 17216K [0x00000000c1800000, 0x00000000c5380000, 0x00000000eb300000)
  object space 60928K, 28% used [0x00000000c1800000,0x00000000c28d0078,0x00000000c5380000)
 Metaspace       used 16352K, capacity 16524K, committed 16640K, reserved 1064960K
  class space    used 1727K, capacity 1792K, committed 1792K, reserved 1048576K
}
Event: 13.402 GC heap before
{Heap before GC invocations=8 (full 1):
 PSYoungGen      total 115712K, used 109063K [0x00000000eb300000, 0x00000000f5380000, 0x0000000100000000)
  eden space 106496K, 94% used [0x00000000eb300000,0x00000000f14dff88,0x00000000f1b00000)
  from space 9216K, 95% used [0x00000000f4a80000,0x00000000f5321fe0,0x00000000f5380000)
  to   space 22016K, 0% used [0x00000000f2880000,0x00000000f2880000,0x00000000f3e00000)
 ParOldGen       total 60928K, used 17216K [0x00000000c1800000, 0x00000000c5380000, 0x00000000eb300000)
  object space 60928K, 28% used [0x00000000c1800000,0x00000000c28d0078,0x00000000c5380000)
 Metaspace       used 16353K, capacity 16524K, committed 16640K, reserved 1064960K
  class space    used 1727K, capacity 1792K, committed 1792K, reserved 1048576K
Event: 13.421 GC heap after
Heap after GC invocations=8 (full 1):
 PSYoungGen      total 142336K, used 15811K [0x00000000eb300000, 0x00000000f8600000, 0x0000000100000000)
  eden space 120320K, 0% used [0x00000000eb300000,0x00000000eb300000,0x00000000f2880000)
  from space 22016K, 71% used [0x00000000f2880000,0x00000000f37f0eb0,0x00000000f3e00000)
  to   space 23552K, 0% used [0x00000000f6f00000,0x00000000f6f00000,0x00000000f8600000)
 ParOldGen       total 60928K, used 34632K [0x00000000c1800000, 0x00000000c5380000, 0x00000000eb300000)
  object space 60928K, 56% used [0x00000000c1800000,0x00000000c39d2088,0x00000000c5380000)
 Metaspace       used 16353K, capacity 16524K, committed 16640K, reserved 1064960K
  class space    used 1727K, capacity 1792K, committed 1792K, reserved 1048576K
}
Event: 15.540 GC heap before
{Heap before GC invocations=9 (full 1):
 PSYoungGen      total 142336K, used 136131K [0x00000000eb300000, 0x00000000f8600000, 0x0000000100000000)
  eden space 120320K, 100% used [0x00000000eb300000,0x00000000f2880000,0x00000000f2880000)
  from space 22016K, 71% used [0x00000000f2880000,0x00000000f37f0eb0,0x00000000f3e00000)
  to   space 23552K, 0% used [0x00000000f6f00000,0x00000000f6f00000,0x00000000f8600000)
 ParOldGen       total 60928K, used 34632K [0x00000000c1800000, 0x00000000c5380000, 0x00000000eb300000)
  object space 60928K, 56% used [0x00000000c1800000,0x00000000c39d2088,0x00000000c5380000)
 Metaspace       used 16353K, capacity 16524K, committed 16640K, reserved 1064960K
  class space    used 1727K, capacity 1792K, committed 1792K, reserved 1048576K
Event: 15.569 GC heap after
Heap after GC invocations=9 (full 1):
 PSYoungGen      total 190464K, used 18192K [0x00000000eb300000, 0x00000000f9e00000, 0x0000000100000000)
  eden space 166912K, 0% used [0x00000000eb300000,0x00000000eb300000,0x00000000f5600000)
  from space 23552K, 77% used [0x00000000f6f00000,0x00000000f80c4188,0x00000000f8600000)
  to   space 25600K, 0% used [0x00000000f5600000,0x00000000f5600000,0x00000000f6f00000)
 ParOldGen       total 60928K, used 52785K [0x00000000c1800000, 0x00000000c5380000, 0x00000000eb300000)
  object space 60928K, 86% used [0x00000000c1800000,0x00000000c4b8c618,0x00000000c5380000)
 Metaspace       used 16353K, capacity 16524K, committed 16640K, reserved 1064960K
  class space    used 1727K, capacity 1792K, committed 1792K, reserved 1048576K
}
Event: 15.569 GC heap before
{Heap before GC invocations=10 (full 2):
 PSYoungGen      total 190464K, used 18192K [0x00000000eb300000, 0x00000000f9e00000, 0x0000000100000000)
  eden space 166912K, 0% used [0x00000000eb300000,0x00000000eb300000,0x00000000f5600000)
  from space 23552K, 77% used [0x00000000f6f00000,0x00000000f80c4188,0x00000000f8600000)
  to   space 25600K, 0% used [0x00000000f5600000,0x00000000f5600000,0x00000000f6f00000)
 ParOldGen       total 60928K, used 52785K [0x00000000c1800000, 0x00000000c5380000, 0x00000000eb300000)
  object space 60928K, 86% used [0x00000000c1800000,0x00000000c4b8c618,0x00000000c5380000)
 Metaspace       used 16353K, capacity 16524K, committed 16640K, reserved 1064960K
  class space    used 1727K, capacity 1792K, committed 1792K, reserved 1048576K
Event: 15.616 GC heap after
Heap after GC invocations=10 (full 2):
 PSYoungGen      total 190464K, used 0K [0x00000000eb300000, 0x00000000f9e00000, 0x0000000100000000)
  eden space 166912K, 0% used [0x00000000eb300000,0x00000000eb300000,0x00000000f5600000)
  from space 23552K, 0% used [0x00000000f6f00000,0x00000000f6f00000,0x00000000f8600000)
  to   space 25600K, 0% used [0x00000000f5600000,0x00000000f5600000,0x00000000f6f00000)
 ParOldGen       total 111616K, used 53485K [0x00000000c1800000, 0x00000000c8500000, 0x00000000eb300000)
  object space 111616K, 47% used [0x00000000c1800000,0x00000000c4c3b6e0,0x00000000c8500000)
 Metaspace       used 16353K, capacity 16524K, committed 16640K, reserved 1064960K
  class space    used 1727K, capacity 1792K, committed 1792K, reserved 1048576K
}
Event: 18.546 GC heap before
{Heap before GC invocations=11 (full 2):
 PSYoungGen      total 190464K, used 166912K [0x00000000eb300000, 0x00000000f9e00000, 0x0000000100000000)
  eden space 166912K, 100% used [0x00000000eb300000,0x00000000f5600000,0x00000000f5600000)
  from space 23552K, 0% used [0x00000000f6f00000,0x00000000f6f00000,0x00000000f8600000)
  to   space 25600K, 0% used [0x00000000f5600000,0x00000000f5600000,0x00000000f6f00000)
 ParOldGen       total 111616K, used 53485K [0x00000000c1800000, 0x00000000c8500000, 0x00000000eb300000)
  object space 111616K, 47% used [0x00000000c1800000,0x00000000c4c3b6e0,0x00000000c8500000)
 Metaspace       used 16709K, capacity 16876K, committed 17280K, reserved 1064960K
  class space    used 1751K, capacity 1824K, committed 1920K, reserved 1048576K
Event: 18.584 GC heap after
Heap after GC invocations=11 (full 2):
 PSYoungGen      total 192512K, used 19039K [0x00000000eb300000, 0x00000000fc680000, 0x0000000100000000)
  eden space 166912K, 0% used [0x00000000eb300000,0x00000000eb300000,0x00000000f5600000)
  from space 25600K, 74% used [0x00000000f5600000,0x00000000f6897f38,0x00000000f6f00000)
  to   space 27136K, 0% used [0x00000000fac00000,0x00000000fac00000,0x00000000fc680000)
 ParOldGen       total 111616K, used 53493K [0x00000000c1800000, 0x00000000c8500000, 0x00000000eb300000)
  object space 111616K, 47% used [0x00000000c1800000,0x00000000c4c3d6e0,0x00000000c8500000)
 Metaspace       used 16709K, capacity 16876K, committed 17280K, reserved 1064960K
  class space    used 1751K, capacity 1824K, committed 1920K, reserved 1048576K
}

