# JRE version: Java(TM) SE Runtime Environment (8.0_45-b15) (build 1.8.0_45-b15)
# Java VM: Java HotSpot(TM) 64-Bit Server VM (25.45-b02 mixed mode windows-amd64 compressed oops)
Heap:
 PSYoungGen      total 165888K, used 145716K [0x00000000eb300000, 0x00000000f9280000, 0x0000000100000000)
  eden space 150016K, 97% used [0x00000000eb300000,0x00000000f414d3d8,0x00000000f4580000)
  from space 15872K, 0% used [0x00000000f4580000,0x00000000f4580000,0x00000000f5500000)
  to   space 16384K, 0% used [0x00000000f8280000,0x00000000f8280000,0x00000000f9280000)
 ParOldGen       total 135680K, used 71447K [0x00000000c1800000, 0x00000000c9c80000, 0x00000000eb300000)
  object space 135680K, 52% used [0x00000000c1800000,0x00000000c5dc5c40,0x00000000c9c80000)
 Metaspace       used 17486K, capacity 17644K, committed 17792K, reserved 1064960K
  class space    used 1813K, capacity 1888K, committed 1920K, reserved 1048576K
GC Heap History (10 events):
Event: 12.571 GC heap before
{Heap before GC invocations=10 (full 1):
 PSYoungGen      total 116224K, used 112573K [0x00000000eb300000, 0x00000000f4100000, 0x0000000100000000)
  eden space 109056K, 96% used [0x00000000eb300000,0x00000000f19f1fc0,0x00000000f1d80000)
  from space 7168K, 99% used [0x00000000f3a00000,0x00000000f40fd630,0x00000000f4100000)
  to   space 14848K, 0% used [0x00000000f2400000,0x00000000f2400000,0x00000000f3280000)
 ParOldGen       total 56320K, used 34837K [0x00000000c1800000, 0x00000000c4f00000, 0x00000000eb300000)
  object space 56320K, 61% used [0x00000000c1800000,0x00000000c3a05518,0x00000000c4f00000)
 Metaspace       used 16394K, capacity 16588K, committed 16896K, reserved 1064960K
  class space    used 1725K, capacity 1792K, committed 1792K, reserved 1048576K
Event: 12.582 GC heap after
Heap after GC invocations=10 (full 1):
 PSYoungGen      total 130560K, used 8398K [0x00000000eb300000, 0x00000000f6380000, 0x0000000100000000)
  eden space 115712K, 0% used [0x00000000eb300000,0x00000000eb300000,0x00000000f2400000)
  from space 14848K, 56% used [0x00000000f2400000,0x00000000f2c339f8,0x00000000f3280000)
  to   space 14848K, 0% used [0x00000000f5500000,0x00000000f5500000,0x00000000f6380000)
 ParOldGen       total 56320K, used 43834K [0x00000000c1800000, 0x00000000c4f00000, 0x00000000eb300000)
  object space 56320K, 77% used [0x00000000c1800000,0x00000000c42ceae8,0x00000000c4f00000)
 Metaspace       used 16394K, capacity 16588K, committed 16896K, reserved 1064960K
  class space    used 1725K, capacity 1792K, committed 1792K, reserved 1048576K
}
Event: 12.582 GC heap before
{Heap before GC invocations=11 (full 2):
 PSYoungGen      total 130560K, used 8398K [0x00000000eb300000, 0x00000000f6380000, 0x0000000100000000)
  eden space 115712K, 0% used [0x00000000eb300000,0x00000000eb300000,0x00000000f2400000)
  from space 14848K, 56% used [0x00000000f2400000,0x00000000f2c339f8,0x00000000f3280000)
  to   space 14848K, 0% used [0x00000000f5500000,0x00000000f5500000,0x00000000f6380000)
 ParOldGen       total 56320K, used 43834K [0x00000000c1800000, 0x00000000c4f00000, 0x00000000eb300000)
  object space 56320K, 77% used [0x00000000c1800000,0x00000000c42ceae8,0x00000000c4f00000)
 Metaspace       used 16394K, capacity 16588K, committed 16896K, reserved 1064960K
  class space    used 1725K, capacity 1792K, committed 1792K, reserved 1048576K
Event: 12.618 GC heap after
Heap after GC invocations=11 (full 2):
 PSYoungGen      total 130560K, used 0K [0x00000000eb300000, 0x00000000f6380000, 0x0000000100000000)
  eden space 115712K, 0% used [0x00000000eb300000,0x00000000eb300000,0x00000000f2400000)
  from space 14848K, 0% used [0x00000000f2400000,0x00000000f2400000,0x00000000f3280000)
  to   space 14848K, 0% used [0x00000000f5500000,0x00000000f5500000,0x00000000f6380000)
 ParOldGen       total 91136K, used 41521K [0x00000000c1800000, 0x00000000c7100000, 0x00000000eb300000)
  object space 91136K, 45% used [0x00000000c1800000,0x00000000c408c7b8,0x00000000c7100000)
 Metaspace       used 16394K, capacity 16588K, committed 16896K, reserved 1064960K
  class space    used 1725K, capacity 1792K, committed 1792K, reserved 1048576K
}
Event: 14.454 GC heap before
{Heap before GC invocations=12 (full 2):
 PSYoungGen      total 130560K, used 113876K [0x00000000eb300000, 0x00000000f6380000, 0x0000000100000000)
  eden space 115712K, 98% used [0x00000000eb300000,0x00000000f2235308,0x00000000f2400000)
  from space 14848K, 0% used [0x00000000f2400000,0x00000000f2400000,0x00000000f3280000)
  to   space 14848K, 0% used [0x00000000f5500000,0x00000000f5500000,0x00000000f6380000)
 ParOldGen       total 91136K, used 41521K [0x00000000c1800000, 0x00000000c7100000, 0x00000000eb300000)
  object space 91136K, 45% used [0x00000000c1800000,0x00000000c408c7b8,0x00000000c7100000)
 Metaspace       used 16395K, capacity 16588K, committed 16896K, reserved 1064960K
  class space    used 1725K, capacity 1792K, committed 1792K, reserved 1048576K
Event: 14.472 GC heap after
Heap after GC invocations=12 (full 2):
 PSYoungGen      total 164864K, used 11917K [0x00000000eb300000, 0x00000000f6780000, 0x0000000100000000)
  eden space 150016K, 0% used [0x00000000eb300000,0x00000000eb300000,0x00000000f4580000)
  from space 14848K, 80% used [0x00000000f5500000,0x00000000f60a34f8,0x00000000f6380000)
  to   space 15872K, 0% used [0x00000000f4580000,0x00000000f4580000,0x00000000f5500000)
 ParOldGen       total 91136K, used 53058K [0x00000000c1800000, 0x00000000c7100000, 0x00000000eb300000)
  object space 91136K, 58% used [0x00000000c1800000,0x00000000c4bd0a50,0x00000000c7100000)
 Metaspace       used 16395K, capacity 16588K, committed 16896K, reserved 1064960K
  class space    used 1725K, capacity 1792K, committed 1792K, reserved 1048576K
}
Event: 17.023 GC heap before
{Heap before GC invocations=13 (full 2):
 PSYoungGen      total 164864K, used 161933K [0x00000000eb300000, 0x00000000f6780000, 0x0000000100000000)
  eden space 150016K, 100% used [0x00000000eb300000,0x00000000f4580000,0x00000000f4580000)
  from space 14848K, 80% used [0x00000000f5500000,0x00000000f60a34f8,0x00000000f6380000)
  to   space 15872K, 0% used [0x00000000f4580000,0x00000000f4580000,0x00000000f5500000)
 ParOldGen       total 91136K, used 53058K [0x00000000c1800000, 0x00000000c7100000, 0x00000000eb300000)
  object space 91136K, 58% used [0x00000000c1800000,0x00000000c4bd0a50,0x00000000c7100000)
 Metaspace       used 16690K, capacity 16876K, committed 17280K, reserved 1064960K
  class space    used 1749K, capacity 1824K, committed 1920K, reserved 1048576K
Event: 17.043 GC heap after
Heap after GC invocations=13 (full 2):
 PSYoungGen      total 165888K, used 9448K [0x00000000eb300000, 0x00000000f9280000, 0x0000000100000000)
  eden space 150016K, 0% used [0x00000000eb300000,0x00000000eb300000,0x00000000f4580000)
  from space 15872K, 59% used [0x00000000f4580000,0x00000000f4eba360,0x00000000f5500000)
  to   space 16384K, 0% used [0x00000000f8280000,0x00000000f8280000,0x00000000f9280000)
 ParOldGen       total 91136K, used 71237K [0x00000000c1800000, 0x00000000c7100000, 0x00000000eb300000)
  object space 91136K, 78% used [0x00000000c1800000,0x00000000c5d916d0,0x00000000c7100000)
 Metaspace       used 16690K, capacity 16876K, committed 17280K, reserved 1064960K
  class space    used 1749K, capacity 1824K, committed 1920K, reserved 1048576K
}
Event: 17.043 GC heap before
{Heap before GC invocations=14 (full 3):
 PSYoungGen      total 165888K, used 9448K [0x00000000eb300000, 0x00000000f9280000, 0x0000000100000000)
  eden space 150016K, 0% used [0x00000000eb300000,0x00000000eb300000,0x00000000f4580000)
  from space 15872K, 59% used [0x00000000f4580000,0x00000000f4eba360,0x00000000f5500000)
  to   space 16384K, 0% used [0x00000000f8280000,0x00000000f8280000,0x00000000f9280000)
 ParOldGen       total 91136K, used 71237K [0x00000000c1800000, 0x00000000c7100000, 0x00000000eb300000)
  object space 91136K, 78% used [0x00000000c1800000,0x00000000c5d916d0,0x00000000c7100000)
 Metaspace       used 16690K, capacity 16876K, committed 17280K, reserved 1064960K
  class space    used 1749K, capacity 1824K, committed 1920K, reserved 1048576K
Event: 17.169 GC heap after
Heap after GC invocations=14 (full 3):
 PSYoungGen      total 165888K, used 0K [0x00000000eb300000, 0x00000000f9280000, 0x0000000100000000)
  eden space 150016K, 0% used [0x00000000eb300000,0x00000000eb300000,0x00000000f4580000)
  from space 15872K, 0% used [0x00000000f4580000,0x00000000f4580000,0x00000000f5500000)
  to   space 16384K, 0% used [0x00000000f8280000,0x00000000f8280000,0x00000000f9280000)
 ParOldGen       total 135680K, used 71447K [0x00000000c1800000, 0x00000000c9c80000, 0x00000000eb300000)
  object space 135680K, 52% used [0x00000000c1800000,0x00000000c5dc5c40,0x00000000c9c80000)
 Metaspace       used 16690K, capacity 16876K, committed 17280K, reserved 1064960K
  class space    used 1749K, capacity 1824K, committed 1920K, reserved 1048576K
}

