# JRE version: Java(TM) SE Runtime Environment (8.0_45-b15) (build 1.8.0_45-b15)
# Java VM: Java HotSpot(TM) 64-Bit Server VM (25.45-b02 mixed mode windows-amd64 compressed oops)
Heap:
 PSYoungGen      total 158208K, used 25414K [0x00000000eb300000, 0x00000000f8400000, 0x0000000100000000)
  eden space 151040K, 16% used [0x00000000eb300000,0x00000000ecbd1b60,0x00000000f4680000)
  from space 7168K, 0% used [0x00000000f5800000,0x00000000f5800000,0x00000000f5f00000)
  to   space 17920K, 0% used [0x00000000f4680000,0x00000000f4680000,0x00000000f5800000)
 ParOldGen       total 198144K, used 102761K [0x00000000c1800000, 0x00000000cd980000, 0x00000000eb300000)
  object space 198144K, 51% used [0x00000000c1800000,0x00000000c7c5a6b0,0x00000000cd980000)
 Metaspace       used 17483K, capacity 17644K, committed 17792K, reserved 1064960K
  class space    used 1813K, capacity 1888K, committed 1920K, reserved 1048576K
GC Heap History (10 events):
Event: 11.731 GC heap before
{Heap before GC invocations=12 (full 3):
 PSYoungGen      total 118272K, used 96K [0x00000000eb300000, 0x00000000f4e80000, 0x0000000100000000)
  eden space 111104K, 0% used [0x00000000eb300000,0x00000000eb300000,0x00000000f1f80000)
  from space 7168K, 1% used [0x00000000f1f80000,0x00000000f1f98000,0x00000000f2680000)
  to   space 7168K, 0% used [0x00000000f4780000,0x00000000f4780000,0x00000000f4e80000)
 ParOldGen       total 86016K, used 62926K [0x00000000c1800000, 0x00000000c6c00000, 0x00000000eb300000)
  object space 86016K, 73% used [0x00000000c1800000,0x00000000c55738f0,0x00000000c6c00000)
 Metaspace       used 16377K, capacity 16588K, committed 16896K, reserved 1064960K
  class space    used 1725K, capacity 1792K, committed 1792K, reserved 1048576K
Event: 11.811 GC heap after
Heap after GC invocations=12 (full 3):
 PSYoungGen      total 118272K, used 0K [0x00000000eb300000, 0x00000000f4e80000, 0x0000000100000000)
  eden space 111104K, 0% used [0x00000000eb300000,0x00000000eb300000,0x00000000f1f80000)
  from space 7168K, 0% used [0x00000000f1f80000,0x00000000f1f80000,0x00000000f2680000)
  to   space 7168K, 0% used [0x00000000f4780000,0x00000000f4780000,0x00000000f4e80000)
 ParOldGen       total 115712K, used 41403K [0x00000000c1800000, 0x00000000c8900000, 0x00000000eb300000)
  object space 115712K, 35% used [0x00000000c1800000,0x00000000c406edd8,0x00000000c8900000)
 Metaspace       used 16377K, capacity 16588K, committed 16896K, reserved 1064960K
  class space    used 1725K, capacity 1792K, committed 1792K, reserved 1048576K
}
Event: 13.560 GC heap before
{Heap before GC invocations=13 (full 3):
 PSYoungGen      total 118272K, used 110215K [0x00000000eb300000, 0x00000000f4e80000, 0x0000000100000000)
  eden space 111104K, 99% used [0x00000000eb300000,0x00000000f1ea1c98,0x00000000f1f80000)
  from space 7168K, 0% used [0x00000000f1f80000,0x00000000f1f80000,0x00000000f2680000)
  to   space 7168K, 0% used [0x00000000f4780000,0x00000000f4780000,0x00000000f4e80000)
 ParOldGen       total 115712K, used 41403K [0x00000000c1800000, 0x00000000c8900000, 0x00000000eb300000)
  object space 115712K, 35% used [0x00000000c1800000,0x00000000c406edd8,0x00000000c8900000)
 Metaspace       used 16378K, capacity 16588K, committed 16896K, reserved 1064960K
  class space    used 1725K, capacity 1792K, committed 1792K, reserved 1048576K
Event: 13.576 GC heap after
Heap after GC invocations=13 (full 3):
 PSYoungGen      total 136192K, used 1342K [0x00000000eb300000, 0x00000000f4900000, 0x0000000100000000)
  eden space 134656K, 0% used [0x00000000eb300000,0x00000000eb300000,0x00000000f3680000)
  from space 1536K, 87% used [0x00000000f4780000,0x00000000f48cf8a0,0x00000000f4900000)
  to   space 7168K, 0% used [0x00000000f3b00000,0x00000000f3b00000,0x00000000f4200000)
 ParOldGen       total 115712K, used 61937K [0x00000000c1800000, 0x00000000c8900000, 0x00000000eb300000)
  object space 115712K, 53% used [0x00000000c1800000,0x00000000c547c640,0x00000000c8900000)
 Metaspace       used 16378K, capacity 16588K, committed 16896K, reserved 1064960K
  class space    used 1725K, capacity 1792K, committed 1792K, reserved 1048576K
}
Event: 15.484 GC heap before
{Heap before GC invocations=14 (full 3):
 PSYoungGen      total 136192K, used 135998K [0x00000000eb300000, 0x00000000f4900000, 0x0000000100000000)
  eden space 134656K, 100% used [0x00000000eb300000,0x00000000f3680000,0x00000000f3680000)
  from space 1536K, 87% used [0x00000000f4780000,0x00000000f48cf8a0,0x00000000f4900000)
  to   space 7168K, 0% used [0x00000000f3b00000,0x00000000f3b00000,0x00000000f4200000)
 ParOldGen       total 115712K, used 61937K [0x00000000c1800000, 0x00000000c8900000, 0x00000000eb300000)
  object space 115712K, 53% used [0x00000000c1800000,0x00000000c547c640,0x00000000c8900000)
 Metaspace       used 16378K, capacity 16588K, committed 16896K, reserved 1064960K
  class space    used 1725K, capacity 1792K, committed 1792K, reserved 1048576K
Event: 15.508 GC heap after
Heap after GC invocations=14 (full 3):
 PSYoungGen      total 146432K, used 96K [0x00000000eb300000, 0x00000000f5f00000, 0x0000000100000000)
  eden space 139264K, 0% used [0x00000000eb300000,0x00000000eb300000,0x00000000f3b00000)
  from space 7168K, 1% used [0x00000000f3b00000,0x00000000f3b18000,0x00000000f4200000)
  to   space 7168K, 0% used [0x00000000f5800000,0x00000000f5800000,0x00000000f5f00000)
 ParOldGen       total 115712K, used 79365K [0x00000000c1800000, 0x00000000c8900000, 0x00000000eb300000)
  object space 115712K, 68% used [0x00000000c1800000,0x00000000c65816d8,0x00000000c8900000)
 Metaspace       used 16378K, capacity 16588K, committed 16896K, reserved 1064960K
  class space    used 1725K, capacity 1792K, committed 1792K, reserved 1048576K
}
Event: 18.110 GC heap before
{Heap before GC invocations=15 (full 3):
 PSYoungGen      total 146432K, used 139360K [0x00000000eb300000, 0x00000000f5f00000, 0x0000000100000000)
  eden space 139264K, 100% used [0x00000000eb300000,0x00000000f3b00000,0x00000000f3b00000)
  from space 7168K, 1% used [0x00000000f3b00000,0x00000000f3b18000,0x00000000f4200000)
  to   space 7168K, 0% used [0x00000000f5800000,0x00000000f5800000,0x00000000f5f00000)
 ParOldGen       total 115712K, used 79365K [0x00000000c1800000, 0x00000000c8900000, 0x00000000eb300000)
  object space 115712K, 68% used [0x00000000c1800000,0x00000000c65816d8,0x00000000c8900000)
 Metaspace       used 17080K, capacity 17260K, committed 17536K, reserved 1064960K
  class space    used 1769K, capacity 1824K, committed 1920K, reserved 1048576K
Event: 18.290 GC heap after
Heap after GC invocations=15 (full 3):
 PSYoungGen      total 158208K, used 7161K [0x00000000eb300000, 0x00000000f8400000, 0x0000000100000000)
  eden space 151040K, 0% used [0x00000000eb300000,0x00000000eb300000,0x00000000f4680000)
  from space 7168K, 99% used [0x00000000f5800000,0x00000000f5efe798,0x00000000f5f00000)
  to   space 17920K, 0% used [0x00000000f4680000,0x00000000f4680000,0x00000000f5800000)
 ParOldGen       total 115712K, used 104795K [0x00000000c1800000, 0x00000000c8900000, 0x00000000eb300000)
  object space 115712K, 90% used [0x00000000c1800000,0x00000000c7e56f70,0x00000000c8900000)
 Metaspace       used 17080K, capacity 17260K, committed 17536K, reserved 1064960K
  class space    used 1769K, capacity 1824K, committed 1920K, reserved 1048576K
}
Event: 18.290 GC heap before
{Heap before GC invocations=16 (full 4):
 PSYoungGen      total 158208K, used 7161K [0x00000000eb300000, 0x00000000f8400000, 0x0000000100000000)
  eden space 151040K, 0% used [0x00000000eb300000,0x00000000eb300000,0x00000000f4680000)
  from space 7168K, 99% used [0x00000000f5800000,0x00000000f5efe798,0x00000000f5f00000)
  to   space 17920K, 0% used [0x00000000f4680000,0x00000000f4680000,0x00000000f5800000)
 ParOldGen       total 115712K, used 104795K [0x00000000c1800000, 0x00000000c8900000, 0x00000000eb300000)
  object space 115712K, 90% used [0x00000000c1800000,0x00000000c7e56f70,0x00000000c8900000)
 Metaspace       used 17080K, capacity 17260K, committed 17536K, reserved 1064960K
  class space    used 1769K, capacity 1824K, committed 1920K, reserved 1048576K
Event: 18.628 GC heap after
Heap after GC invocations=16 (full 4):
 PSYoungGen      total 158208K, used 0K [0x00000000eb300000, 0x00000000f8400000, 0x0000000100000000)
  eden space 151040K, 0% used [0x00000000eb300000,0x00000000eb300000,0x00000000f4680000)
  from space 7168K, 0% used [0x00000000f5800000,0x00000000f5800000,0x00000000f5f00000)
  to   space 17920K, 0% used [0x00000000f4680000,0x00000000f4680000,0x00000000f5800000)
 ParOldGen       total 198144K, used 102761K [0x00000000c1800000, 0x00000000cd980000, 0x00000000eb300000)
  object space 198144K, 51% used [0x00000000c1800000,0x00000000c7c5a6b0,0x00000000cd980000)
 Metaspace       used 17080K, capacity 17260K, committed 17536K, reserved 1064960K
  class space    used 1769K, capacity 1824K, committed 1920K, reserved 1048576K
}

