# JRE version: Java(TM) SE Runtime Environment (8.0_45-b15) (build 1.8.0_45-b15)
# Java VM: Java HotSpot(TM) 64-Bit Server VM (25.45-b02 mixed mode windows-amd64 compressed oops)
Heap:
 PSYoungGen      total 157184K, used 28025K [0x00000000eb300000, 0x00000000f7f80000, 0x0000000100000000)
  eden space 150016K, 18% used [0x00000000eb300000,0x00000000ece5e598,0x00000000f4580000)
  from space 7168K, 0% used [0x00000000f5700000,0x00000000f5700000,0x00000000f5e00000)
  to   space 17920K, 0% used [0x00000000f4580000,0x00000000f4580000,0x00000000f5700000)
 ParOldGen       total 197632K, used 102203K [0x00000000c1800000, 0x00000000cd900000, 0x00000000eb300000)
  object space 197632K, 51% used [0x00000000c1800000,0x00000000c7bcee10,0x00000000cd900000)
 Metaspace       used 17479K, capacity 17644K, committed 17792K, reserved 1064960K
  class space    used 1813K, capacity 1888K, committed 1920K, reserved 1048576K
GC Heap History (10 events):
Event: 12.799 GC heap before
{Heap before GC invocations=12 (full 3):
 PSYoungGen      total 116736K, used 96K [0x00000000eb300000, 0x00000000f4f80000, 0x0000000100000000)
  eden space 109568K, 0% used [0x00000000eb300000,0x00000000eb300000,0x00000000f1e00000)
  from space 7168K, 1% used [0x00000000f1e00000,0x00000000f1e18000,0x00000000f2500000)
  to   space 7168K, 0% used [0x00000000f4880000,0x00000000f4880000,0x00000000f4f80000)
 ParOldGen       total 85504K, used 62928K [0x00000000c1800000, 0x00000000c6b80000, 0x00000000eb300000)
  object space 85504K, 73% used [0x00000000c1800000,0x00000000c5574018,0x00000000c6b80000)
 Metaspace       used 16382K, capacity 16588K, committed 16896K, reserved 1064960K
  class space    used 1725K, capacity 1792K, committed 1792K, reserved 1048576K
Event: 12.876 GC heap after
Heap after GC invocations=12 (full 3):
 PSYoungGen      total 116736K, used 0K [0x00000000eb300000, 0x00000000f4f80000, 0x0000000100000000)
  eden space 109568K, 0% used [0x00000000eb300000,0x00000000eb300000,0x00000000f1e00000)
  from space 7168K, 0% used [0x00000000f1e00000,0x00000000f1e00000,0x00000000f2500000)
  to   space 7168K, 0% used [0x00000000f4880000,0x00000000f4880000,0x00000000f4f80000)
 ParOldGen       total 114688K, used 41405K [0x00000000c1800000, 0x00000000c8800000, 0x00000000eb300000)
  object space 114688K, 36% used [0x00000000c1800000,0x00000000c406f500,0x00000000c8800000)
 Metaspace       used 16382K, capacity 16588K, committed 16896K, reserved 1064960K
  class space    used 1725K, capacity 1792K, committed 1792K, reserved 1048576K
}
Event: 14.626 GC heap before
{Heap before GC invocations=13 (full 3):
 PSYoungGen      total 116736K, used 109568K [0x00000000eb300000, 0x00000000f4f80000, 0x0000000100000000)
  eden space 109568K, 100% used [0x00000000eb300000,0x00000000f1e00000,0x00000000f1e00000)
  from space 7168K, 0% used [0x00000000f1e00000,0x00000000f1e00000,0x00000000f2500000)
  to   space 7168K, 0% used [0x00000000f4880000,0x00000000f4880000,0x00000000f4f80000)
 ParOldGen       total 114688K, used 41405K [0x00000000c1800000, 0x00000000c8800000, 0x00000000eb300000)
  object space 114688K, 36% used [0x00000000c1800000,0x00000000c406f500,0x00000000c8800000)
 Metaspace       used 16385K, capacity 16588K, committed 16896K, reserved 1064960K
  class space    used 1725K, capacity 1792K, committed 1792K, reserved 1048576K
Event: 14.638 GC heap after
Heap after GC invocations=13 (full 3):
 PSYoungGen      total 134144K, used 990K [0x00000000eb300000, 0x00000000f4980000, 0x0000000100000000)
  eden space 133120K, 0% used [0x00000000eb300000,0x00000000eb300000,0x00000000f3500000)
  from space 1024K, 96% used [0x00000000f4880000,0x00000000f49778a0,0x00000000f4980000)
  to   space 7168K, 0% used [0x00000000f3b80000,0x00000000f3b80000,0x00000000f4280000)
 ParOldGen       total 114688K, used 61939K [0x00000000c1800000, 0x00000000c8800000, 0x00000000eb300000)
  object space 114688K, 54% used [0x00000000c1800000,0x00000000c547cd68,0x00000000c8800000)
 Metaspace       used 16385K, capacity 16588K, committed 16896K, reserved 1064960K
  class space    used 1725K, capacity 1792K, committed 1792K, reserved 1048576K
}
Event: 16.539 GC heap before
{Heap before GC invocations=14 (full 3):
 PSYoungGen      total 134144K, used 134110K [0x00000000eb300000, 0x00000000f4980000, 0x0000000100000000)
  eden space 133120K, 100% used [0x00000000eb300000,0x00000000f3500000,0x00000000f3500000)
  from space 1024K, 96% used [0x00000000f4880000,0x00000000f49778a0,0x00000000f4980000)
  to   space 7168K, 0% used [0x00000000f3b80000,0x00000000f3b80000,0x00000000f4280000)
 ParOldGen       total 114688K, used 61939K [0x00000000c1800000, 0x00000000c8800000, 0x00000000eb300000)
  object space 114688K, 54% used [0x00000000c1800000,0x00000000c547cd68,0x00000000c8800000)
 Metaspace       used 16387K, capacity 16588K, committed 16896K, reserved 1064960K
  class space    used 1725K, capacity 1792K, committed 1792K, reserved 1048576K
Event: 16.563 GC heap after
Heap after GC invocations=14 (full 3):
 PSYoungGen      total 146944K, used 96K [0x00000000eb300000, 0x00000000f5e00000, 0x0000000100000000)
  eden space 139776K, 0% used [0x00000000eb300000,0x00000000eb300000,0x00000000f3b80000)
  from space 7168K, 1% used [0x00000000f3b80000,0x00000000f3b98000,0x00000000f4280000)
  to   space 7168K, 0% used [0x00000000f5700000,0x00000000f5700000,0x00000000f5e00000)
 ParOldGen       total 114688K, used 79367K [0x00000000c1800000, 0x00000000c8800000, 0x00000000eb300000)
  object space 114688K, 69% used [0x00000000c1800000,0x00000000c6581e00,0x00000000c8800000)
 Metaspace       used 16387K, capacity 16588K, committed 16896K, reserved 1064960K
  class space    used 1725K, capacity 1792K, committed 1792K, reserved 1048576K
}
Event: 20.213 GC heap before
{Heap before GC invocations=15 (full 3):
 PSYoungGen      total 146944K, used 139872K [0x00000000eb300000, 0x00000000f5e00000, 0x0000000100000000)
  eden space 139776K, 100% used [0x00000000eb300000,0x00000000f3b80000,0x00000000f3b80000)
  from space 7168K, 1% used [0x00000000f3b80000,0x00000000f3b98000,0x00000000f4280000)
  to   space 7168K, 0% used [0x00000000f5700000,0x00000000f5700000,0x00000000f5e00000)
 ParOldGen       total 114688K, used 79367K [0x00000000c1800000, 0x00000000c8800000, 0x00000000eb300000)
  object space 114688K, 69% used [0x00000000c1800000,0x00000000c6581e00,0x00000000c8800000)
 Metaspace       used 17082K, capacity 17260K, committed 17536K, reserved 1064960K
  class space    used 1769K, capacity 1824K, committed 1920K, reserved 1048576K
Event: 20.336 GC heap after
Heap after GC invocations=15 (full 3):
 PSYoungGen      total 157184K, used 7156K [0x00000000eb300000, 0x00000000f7f80000, 0x0000000100000000)
  eden space 150016K, 0% used [0x00000000eb300000,0x00000000eb300000,0x00000000f4580000)
  from space 7168K, 99% used [0x00000000f5700000,0x00000000f5dfd248,0x00000000f5e00000)
  to   space 17920K, 0% used [0x00000000f4580000,0x00000000f4580000,0x00000000f5700000)
 ParOldGen       total 114688K, used 104253K [0x00000000c1800000, 0x00000000c8800000, 0x00000000eb300000)
  object space 114688K, 90% used [0x00000000c1800000,0x00000000c7dcf540,0x00000000c8800000)
 Metaspace       used 17082K, capacity 17260K, committed 17536K, reserved 1064960K
  class space    used 1769K, capacity 1824K, committed 1920K, reserved 1048576K
}
Event: 20.336 GC heap before
{Heap before GC invocations=16 (full 4):
 PSYoungGen      total 157184K, used 7156K [0x00000000eb300000, 0x00000000f7f80000, 0x0000000100000000)
  eden space 150016K, 0% used [0x00000000eb300000,0x00000000eb300000,0x00000000f4580000)
  from space 7168K, 99% used [0x00000000f5700000,0x00000000f5dfd248,0x00000000f5e00000)
  to   space 17920K, 0% used [0x00000000f4580000,0x00000000f4580000,0x00000000f5700000)
 ParOldGen       total 114688K, used 104253K [0x00000000c1800000, 0x00000000c8800000, 0x00000000eb300000)
  object space 114688K, 90% used [0x00000000c1800000,0x00000000c7dcf540,0x00000000c8800000)
 Metaspace       used 17082K, capacity 17260K, committed 17536K, reserved 1064960K
  class space    used 1769K, capacity 1824K, committed 1920K, reserved 1048576K
Event: 20.684 GC heap after
Heap after GC invocations=16 (full 4):
 PSYoungGen      total 157184K, used 0K [0x00000000eb300000, 0x00000000f7f80000, 0x0000000100000000)
  eden space 150016K, 0% used [0x00000000eb300000,0x00000000eb300000,0x00000000f4580000)
  from space 7168K, 0% used [0x00000000f5700000,0x00000000f5700000,0x00000000f5e00000)
  to   space 17920K, 0% used [0x00000000f4580000,0x00000000f4580000,0x00000000f5700000)
 ParOldGen       total 197632K, used 102203K [0x00000000c1800000, 0x00000000cd900000, 0x00000000eb300000)
  object space 197632K, 51% used [0x00000000c1800000,0x00000000c7bcee10,0x00000000cd900000)
 Metaspace       used 17082K, capacity 17260K, committed 17536K, reserved 1064960K
  class space    used 1769K, capacity 1824K, committed 1920K, reserved 1048576K
}

