# JRE version: Java(TM) SE Runtime Environment (8.0_45-b15) (build 1.8.0_45-b15)
# Java VM: Java HotSpot(TM) 64-Bit Server VM (25.45-b02 mixed mode windows-amd64 compressed oops)
Heap:
 PSYoungGen      total 160256K, used 64054K [0x00000000eb300000, 0x00000000f8800000, 0x0000000100000000)
  eden space 145920K, 34% used [0x00000000eb300000,0x00000000ee391468,0x00000000f4180000)
  from space 14336K, 99% used [0x00000000f5a80000,0x00000000f687c4a8,0x00000000f6880000)
  to   space 25600K, 0% used [0x00000000f4180000,0x00000000f4180000,0x00000000f5a80000)
 ParOldGen       total 122368K, used 78049K [0x00000000c1800000, 0x00000000c8f80000, 0x00000000eb300000)
  object space 122368K, 63% used [0x00000000c1800000,0x00000000c64384e8,0x00000000c8f80000)
 Metaspace       used 17459K, capacity 17676K, committed 17792K, reserved 1064960K
  class space    used 1815K, capacity 1920K, committed 1920K, reserved 1048576K
GC Heap History (10 events):
Event: 10.849 GC heap before
{Heap before GC invocations=11 (full 2):
 PSYoungGen      total 110080K, used 96015K [0x00000000eb300000, 0x00000000f3200000, 0x0000000100000000)
  eden space 102912K, 93% used [0x00000000eb300000,0x00000000f10c3ef0,0x00000000f1780000)
  from space 7168K, 0% used [0x00000000f2380000,0x00000000f2380000,0x00000000f2a80000)
  to   space 12288K, 0% used [0x00000000f1780000,0x00000000f1780000,0x00000000f2380000)
 ParOldGen       total 84992K, used 31834K [0x00000000c1800000, 0x00000000c6b00000, 0x00000000eb300000)
  object space 84992K, 37% used [0x00000000c1800000,0x00000000c3716bb8,0x00000000c6b00000)
 Metaspace       used 16381K, capacity 16588K, committed 16896K, reserved 1064960K
  class space    used 1727K, capacity 1792K, committed 1792K, reserved 1048576K
Event: 10.862 GC heap after
Heap after GC invocations=11 (full 2):
 PSYoungGen      total 115200K, used 8334K [0x00000000eb300000, 0x00000000f4d00000, 0x0000000100000000)
  eden space 102912K, 0% used [0x00000000eb300000,0x00000000eb300000,0x00000000f1780000)
  from space 12288K, 67% used [0x00000000f1780000,0x00000000f1fa39f8,0x00000000f2380000)
  to   space 12800K, 0% used [0x00000000f4080000,0x00000000f4080000,0x00000000f4d00000)
 ParOldGen       total 84992K, used 45658K [0x00000000c1800000, 0x00000000c6b00000, 0x00000000eb300000)
  object space 84992K, 53% used [0x00000000c1800000,0x00000000c4496bc8,0x00000000c6b00000)
 Metaspace       used 16381K, capacity 16588K, committed 16896K, reserved 1064960K
  class space    used 1727K, capacity 1792K, committed 1792K, reserved 1048576K
}
Event: 12.151 GC heap before
{Heap before GC invocations=12 (full 2):
 PSYoungGen      total 115200K, used 111246K [0x00000000eb300000, 0x00000000f4d00000, 0x0000000100000000)
  eden space 102912K, 100% used [0x00000000eb300000,0x00000000f1780000,0x00000000f1780000)
  from space 12288K, 67% used [0x00000000f1780000,0x00000000f1fa39f8,0x00000000f2380000)
  to   space 12800K, 0% used [0x00000000f4080000,0x00000000f4080000,0x00000000f4d00000)
 ParOldGen       total 84992K, used 45658K [0x00000000c1800000, 0x00000000c6b00000, 0x00000000eb300000)
  object space 84992K, 53% used [0x00000000c1800000,0x00000000c4496bc8,0x00000000c6b00000)
 Metaspace       used 16381K, capacity 16588K, committed 16896K, reserved 1064960K
  class space    used 1727K, capacity 1792K, committed 1792K, reserved 1048576K
Event: 12.171 GC heap after
Heap after GC invocations=12 (full 2):
 PSYoungGen      total 143360K, used 11664K [0x00000000eb300000, 0x00000000f5000000, 0x0000000100000000)
  eden space 130560K, 0% used [0x00000000eb300000,0x00000000eb300000,0x00000000f3280000)
  from space 12800K, 91% used [0x00000000f4080000,0x00000000f4be4298,0x00000000f4d00000)
  to   space 14336K, 0% used [0x00000000f3280000,0x00000000f3280000,0x00000000f4080000)
 ParOldGen       total 84992K, used 62926K [0x00000000c1800000, 0x00000000c6b00000, 0x00000000eb300000)
  object space 84992K, 74% used [0x00000000c1800000,0x00000000c5573b90,0x00000000c6b00000)
 Metaspace       used 16381K, capacity 16588K, committed 16896K, reserved 1064960K
  class space    used 1727K, capacity 1792K, committed 1792K, reserved 1048576K
}
Event: 12.171 GC heap before
{Heap before GC invocations=13 (full 3):
 PSYoungGen      total 143360K, used 11664K [0x00000000eb300000, 0x00000000f5000000, 0x0000000100000000)
  eden space 130560K, 0% used [0x00000000eb300000,0x00000000eb300000,0x00000000f3280000)
  from space 12800K, 91% used [0x00000000f4080000,0x00000000f4be4298,0x00000000f4d00000)
  to   space 14336K, 0% used [0x00000000f3280000,0x00000000f3280000,0x00000000f4080000)
 ParOldGen       total 84992K, used 62926K [0x00000000c1800000, 0x00000000c6b00000, 0x00000000eb300000)
  object space 84992K, 74% used [0x00000000c1800000,0x00000000c5573b90,0x00000000c6b00000)
 Metaspace       used 16381K, capacity 16588K, committed 16896K, reserved 1064960K
  class space    used 1727K, capacity 1792K, committed 1792K, reserved 1048576K
Event: 12.274 GC heap after
Heap after GC invocations=13 (full 3):
 PSYoungGen      total 143360K, used 0K [0x00000000eb300000, 0x00000000f5000000, 0x0000000100000000)
  eden space 130560K, 0% used [0x00000000eb300000,0x00000000eb300000,0x00000000f3280000)
  from space 12800K, 0% used [0x00000000f4080000,0x00000000f4080000,0x00000000f4d00000)
  to   space 14336K, 0% used [0x00000000f3280000,0x00000000f3280000,0x00000000f4080000)
 ParOldGen       total 122368K, used 52942K [0x00000000c1800000, 0x00000000c8f80000, 0x00000000eb300000)
  object space 122368K, 43% used [0x00000000c1800000,0x00000000c4bb3978,0x00000000c8f80000)
 Metaspace       used 16381K, capacity 16588K, committed 16896K, reserved 1064960K
  class space    used 1727K, capacity 1792K, committed 1792K, reserved 1048576K
}
Event: 14.106 GC heap before
{Heap before GC invocations=14 (full 3):
 PSYoungGen      total 143360K, used 123424K [0x00000000eb300000, 0x00000000f5000000, 0x0000000100000000)
  eden space 130560K, 94% used [0x00000000eb300000,0x00000000f2b88300,0x00000000f3280000)
  from space 12800K, 0% used [0x00000000f4080000,0x00000000f4080000,0x00000000f4d00000)
  to   space 14336K, 0% used [0x00000000f3280000,0x00000000f3280000,0x00000000f4080000)
 ParOldGen       total 122368K, used 52942K [0x00000000c1800000, 0x00000000c8f80000, 0x00000000eb300000)
  object space 122368K, 43% used [0x00000000c1800000,0x00000000c4bb3978,0x00000000c8f80000)
 Metaspace       used 16384K, capacity 16588K, committed 16896K, reserved 1064960K
  class space    used 1727K, capacity 1792K, committed 1792K, reserved 1048576K
Event: 14.115 GC heap after
Heap after GC invocations=14 (full 3):
 PSYoungGen      total 144896K, used 8398K [0x00000000eb300000, 0x00000000f6880000, 0x0000000100000000)
  eden space 130560K, 0% used [0x00000000eb300000,0x00000000eb300000,0x00000000f3280000)
  from space 14336K, 58% used [0x00000000f3280000,0x00000000f3ab39f8,0x00000000f4080000)
  to   space 14336K, 0% used [0x00000000f5a80000,0x00000000f5a80000,0x00000000f6880000)
 ParOldGen       total 122368K, used 52942K [0x00000000c1800000, 0x00000000c8f80000, 0x00000000eb300000)
  object space 122368K, 43% used [0x00000000c1800000,0x00000000c4bb3978,0x00000000c8f80000)
 Metaspace       used 16384K, capacity 16588K, committed 16896K, reserved 1064960K
  class space    used 1727K, capacity 1792K, committed 1792K, reserved 1048576K
}
Event: 16.214 GC heap before
{Heap before GC invocations=15 (full 3):
 PSYoungGen      total 144896K, used 138958K [0x00000000eb300000, 0x00000000f6880000, 0x0000000100000000)
  eden space 130560K, 100% used [0x00000000eb300000,0x00000000f3280000,0x00000000f3280000)
  from space 14336K, 58% used [0x00000000f3280000,0x00000000f3ab39f8,0x00000000f4080000)
  to   space 14336K, 0% used [0x00000000f5a80000,0x00000000f5a80000,0x00000000f6880000)
 ParOldGen       total 122368K, used 52942K [0x00000000c1800000, 0x00000000c8f80000, 0x00000000eb300000)
  object space 122368K, 43% used [0x00000000c1800000,0x00000000c4bb3978,0x00000000c8f80000)
 Metaspace       used 17060K, capacity 17260K, committed 17536K, reserved 1064960K
  class space    used 1771K, capacity 1824K, committed 1920K, reserved 1048576K
Event: 16.324 GC heap after
Heap after GC invocations=15 (full 3):
 PSYoungGen      total 160256K, used 14321K [0x00000000eb300000, 0x00000000f8800000, 0x0000000100000000)
  eden space 145920K, 0% used [0x00000000eb300000,0x00000000eb300000,0x00000000f4180000)
  from space 14336K, 99% used [0x00000000f5a80000,0x00000000f687c4a8,0x00000000f6880000)
  to   space 25600K, 0% used [0x00000000f4180000,0x00000000f4180000,0x00000000f5a80000)
 ParOldGen       total 122368K, used 78049K [0x00000000c1800000, 0x00000000c8f80000, 0x00000000eb300000)
  object space 122368K, 63% used [0x00000000c1800000,0x00000000c64384e8,0x00000000c8f80000)
 Metaspace       used 17060K, capacity 17260K, committed 17536K, reserved 1064960K
  class space    used 1771K, capacity 1824K, committed 1920K, reserved 1048576K
}

