# JRE version: Java(TM) SE Runtime Environment (8.0_45-b15) (build 1.8.0_45-b15)
# Java VM: Java HotSpot(TM) 64-Bit Server VM (25.45-b02 mixed mode windows-amd64 compressed oops)
Heap:
 PSYoungGen      total 187392K, used 13101K [0x00000000eb300000, 0x00000000f9c80000, 0x0000000100000000)
  eden space 173568K, 4% used [0x00000000eb300000,0x00000000ebb52628,0x00000000f5c80000)
  from space 13824K, 33% used [0x00000000f7600000,0x00000000f7a78ed0,0x00000000f8380000)
  to   space 26112K, 0% used [0x00000000f5c80000,0x00000000f5c80000,0x00000000f7600000)
 ParOldGen       total 171008K, used 98512K [0x00000000c1800000, 0x00000000cbf00000, 0x00000000eb300000)
  object space 171008K, 57% used [0x00000000c1800000,0x00000000c78341a0,0x00000000cbf00000)
 Metaspace       used 17474K, capacity 17676K, committed 17792K, reserved 1064960K
  class space    used 1815K, capacity 1920K, committed 1920K, reserved 1048576K
GC Heap History (10 events):
Event: 11.070 GC heap before
{Heap before GC invocations=11 (full 2):
 PSYoungGen      total 117248K, used 8616K [0x00000000eb300000, 0x00000000f5880000, 0x0000000100000000)
  eden space 105472K, 0% used [0x00000000eb300000,0x00000000eb300000,0x00000000f1a00000)
  from space 11776K, 73% used [0x00000000f1a00000,0x00000000f226a090,0x00000000f2580000)
  to   space 12288K, 0% used [0x00000000f4c80000,0x00000000f4c80000,0x00000000f5880000)
 ParOldGen       total 58368K, used 54661K [0x00000000c1800000, 0x00000000c5100000, 0x00000000eb300000)
  object space 58368K, 93% used [0x00000000c1800000,0x00000000c4d61430,0x00000000c5100000)
 Metaspace       used 16359K, capacity 16524K, committed 16640K, reserved 1064960K
  class space    used 1727K, capacity 1792K, committed 1792K, reserved 1048576K
Event: 11.136 GC heap after
Heap after GC invocations=11 (full 2):
 PSYoungGen      total 117248K, used 0K [0x00000000eb300000, 0x00000000f5880000, 0x0000000100000000)
  eden space 105472K, 0% used [0x00000000eb300000,0x00000000eb300000,0x00000000f1a00000)
  from space 11776K, 0% used [0x00000000f1a00000,0x00000000f1a00000,0x00000000f2580000)
  to   space 12288K, 0% used [0x00000000f4c80000,0x00000000f4c80000,0x00000000f5880000)
 ParOldGen       total 94720K, used 41471K [0x00000000c1800000, 0x00000000c7480000, 0x00000000eb300000)
  object space 94720K, 43% used [0x00000000c1800000,0x00000000c407fe20,0x00000000c7480000)
 Metaspace       used 16359K, capacity 16524K, committed 16640K, reserved 1064960K
  class space    used 1727K, capacity 1792K, committed 1792K, reserved 1048576K
}
Event: 12.679 GC heap before
{Heap before GC invocations=12 (full 2):
 PSYoungGen      total 117248K, used 105472K [0x00000000eb300000, 0x00000000f5880000, 0x0000000100000000)
  eden space 105472K, 100% used [0x00000000eb300000,0x00000000f1a00000,0x00000000f1a00000)
  from space 11776K, 0% used [0x00000000f1a00000,0x00000000f1a00000,0x00000000f2580000)
  to   space 12288K, 0% used [0x00000000f4c80000,0x00000000f4c80000,0x00000000f5880000)
 ParOldGen       total 94720K, used 41471K [0x00000000c1800000, 0x00000000c7480000, 0x00000000eb300000)
  object space 94720K, 43% used [0x00000000c1800000,0x00000000c407fe20,0x00000000c7480000)
 Metaspace       used 16360K, capacity 16524K, committed 16640K, reserved 1064960K
  class space    used 1727K, capacity 1792K, committed 1792K, reserved 1048576K
Event: 12.702 GC heap after
Heap after GC invocations=12 (full 2):
 PSYoungGen      total 148480K, used 9093K [0x00000000eb300000, 0x00000000f5580000, 0x0000000100000000)
  eden space 139264K, 0% used [0x00000000eb300000,0x00000000eb300000,0x00000000f3b00000)
  from space 9216K, 98% used [0x00000000f4c80000,0x00000000f55615d0,0x00000000f5580000)
  to   space 13312K, 0% used [0x00000000f3b80000,0x00000000f3b80000,0x00000000f4880000)
 ParOldGen       total 94720K, used 53008K [0x00000000c1800000, 0x00000000c7480000, 0x00000000eb300000)
  object space 94720K, 55% used [0x00000000c1800000,0x00000000c4bc40b8,0x00000000c7480000)
 Metaspace       used 16360K, capacity 16524K, committed 16640K, reserved 1064960K
  class space    used 1727K, capacity 1792K, committed 1792K, reserved 1048576K
}
Event: 14.596 GC heap before
{Heap before GC invocations=13 (full 2):
 PSYoungGen      total 148480K, used 148357K [0x00000000eb300000, 0x00000000f5580000, 0x0000000100000000)
  eden space 139264K, 100% used [0x00000000eb300000,0x00000000f3b00000,0x00000000f3b00000)
  from space 9216K, 98% used [0x00000000f4c80000,0x00000000f55615d0,0x00000000f5580000)
  to   space 13312K, 0% used [0x00000000f3b80000,0x00000000f3b80000,0x00000000f4880000)
 ParOldGen       total 94720K, used 53008K [0x00000000c1800000, 0x00000000c7480000, 0x00000000eb300000)
  object space 94720K, 55% used [0x00000000c1800000,0x00000000c4bc40b8,0x00000000c7480000)
 Metaspace       used 16364K, capacity 16524K, committed 16640K, reserved 1064960K
  class space    used 1727K, capacity 1792K, committed 1792K, reserved 1048576K
Event: 14.641 GC heap after
Heap after GC invocations=13 (full 2):
 PSYoungGen      total 153088K, used 9285K [0x00000000eb300000, 0x00000000f8380000, 0x0000000100000000)
  eden space 139776K, 0% used [0x00000000eb300000,0x00000000eb300000,0x00000000f3b80000)
  from space 13312K, 69% used [0x00000000f3b80000,0x00000000f44916a0,0x00000000f4880000)
  to   space 13824K, 0% used [0x00000000f7600000,0x00000000f7600000,0x00000000f8380000)
 ParOldGen       total 94720K, used 70300K [0x00000000c1800000, 0x00000000c7480000, 0x00000000eb300000)
  object space 94720K, 74% used [0x00000000c1800000,0x00000000c5ca7090,0x00000000c7480000)
 Metaspace       used 16364K, capacity 16524K, committed 16640K, reserved 1064960K
  class space    used 1727K, capacity 1792K, committed 1792K, reserved 1048576K
}
Event: 20.478 GC heap before
{Heap before GC invocations=14 (full 2):
 PSYoungGen      total 153088K, used 149061K [0x00000000eb300000, 0x00000000f8380000, 0x0000000100000000)
  eden space 139776K, 100% used [0x00000000eb300000,0x00000000f3b80000,0x00000000f3b80000)
  from space 13312K, 69% used [0x00000000f3b80000,0x00000000f44916a0,0x00000000f4880000)
  to   space 13824K, 0% used [0x00000000f7600000,0x00000000f7600000,0x00000000f8380000)
 ParOldGen       total 94720K, used 70300K [0x00000000c1800000, 0x00000000c7480000, 0x00000000eb300000)
  object space 94720K, 74% used [0x00000000c1800000,0x00000000c5ca7090,0x00000000c7480000)
 Metaspace       used 17423K, capacity 17644K, committed 17792K, reserved 1064960K
  class space    used 1812K, capacity 1888K, committed 1920K, reserved 1048576K
Event: 20.598 GC heap after
Heap after GC invocations=14 (full 2):
 PSYoungGen      total 187392K, used 13806K [0x00000000eb300000, 0x00000000f9c80000, 0x0000000100000000)
  eden space 173568K, 0% used [0x00000000eb300000,0x00000000eb300000,0x00000000f5c80000)
  from space 13824K, 99% used [0x00000000f7600000,0x00000000f837b858,0x00000000f8380000)
  to   space 26112K, 0% used [0x00000000f5c80000,0x00000000f5c80000,0x00000000f7600000)
 ParOldGen       total 98816K, used 98581K [0x00000000c1800000, 0x00000000c7880000, 0x00000000eb300000)
  object space 98816K, 99% used [0x00000000c1800000,0x00000000c7845718,0x00000000c7880000)
 Metaspace       used 17423K, capacity 17644K, committed 17792K, reserved 1064960K
  class space    used 1812K, capacity 1888K, committed 1920K, reserved 1048576K
}
Event: 20.598 GC heap before
{Heap before GC invocations=15 (full 3):
 PSYoungGen      total 187392K, used 13806K [0x00000000eb300000, 0x00000000f9c80000, 0x0000000100000000)
  eden space 173568K, 0% used [0x00000000eb300000,0x00000000eb300000,0x00000000f5c80000)
  from space 13824K, 99% used [0x00000000f7600000,0x00000000f837b858,0x00000000f8380000)
  to   space 26112K, 0% used [0x00000000f5c80000,0x00000000f5c80000,0x00000000f7600000)
 ParOldGen       total 98816K, used 98581K [0x00000000c1800000, 0x00000000c7880000, 0x00000000eb300000)
  object space 98816K, 99% used [0x00000000c1800000,0x00000000c7845718,0x00000000c7880000)
 Metaspace       used 17423K, capacity 17644K, committed 17792K, reserved 1064960K
  class space    used 1812K, capacity 1888K, committed 1920K, reserved 1048576K
Event: 21.038 GC heap after
Heap after GC invocations=15 (full 3):
 PSYoungGen      total 187392K, used 4579K [0x00000000eb300000, 0x00000000f9c80000, 0x0000000100000000)
  eden space 173568K, 0% used [0x00000000eb300000,0x00000000eb300000,0x00000000f5c80000)
  from space 13824K, 33% used [0x00000000f7600000,0x00000000f7a78ed0,0x00000000f8380000)
  to   space 26112K, 0% used [0x00000000f5c80000,0x00000000f5c80000,0x00000000f7600000)
 ParOldGen       total 171008K, used 98512K [0x00000000c1800000, 0x00000000cbf00000, 0x00000000eb300000)
  object space 171008K, 57% used [0x00000000c1800000,0x00000000c78341a0,0x00000000cbf00000)
 Metaspace       used 17423K, capacity 17644K, committed 17792K, reserved 1064960K
  class space    used 1812K, capacity 1888K, committed 1920K, reserved 1048576K
}

