# JRE version: Java(TM) SE Runtime Environment (8.0_45-b15) (build 1.8.0_45-b15)
# Java VM: Java HotSpot(TM) 64-Bit Server VM (25.45-b02 mixed mode windows-amd64 compressed oops)
Heap:
 PSYoungGen      total 177664K, used 31821K [0x00000000eb300000, 0x00000000f9a80000, 0x0000000100000000)
  eden space 161792K, 19% used [0x00000000eb300000,0x00000000ed213590,0x00000000f5100000)
  from space 15872K, 0% used [0x00000000f6b80000,0x00000000f6b80000,0x00000000f7b00000)
  to   space 27136K, 0% used [0x00000000f5100000,0x00000000f5100000,0x00000000f6b80000)
 ParOldGen       total 173568K, used 100393K [0x00000000c1800000, 0x00000000cc180000, 0x00000000eb300000)
  object space 173568K, 57% used [0x00000000c1800000,0x00000000c7a0a658,0x00000000cc180000)
 Metaspace       used 17464K, capacity 17644K, committed 17792K, reserved 1064960K
  class space    used 1813K, capacity 1888K, committed 1920K, reserved 1048576K
GC Heap History (10 events):
Event: 13.029 GC heap before
{Heap before GC invocations=11 (full 1):
 PSYoungGen      total 130560K, used 124110K [0x00000000eb300000, 0x00000000f5480000, 0x0000000100000000)
  eden space 115712K, 100% used [0x00000000eb300000,0x00000000f2400000,0x00000000f2400000)
  from space 14848K, 56% used [0x00000000f2400000,0x00000000f2c339f8,0x00000000f3280000)
  to   space 14848K, 0% used [0x00000000f4600000,0x00000000f4600000,0x00000000f5480000)
 ParOldGen       total 57856K, used 35264K [0x00000000c1800000, 0x00000000c5080000, 0x00000000eb300000)
  object space 57856K, 60% used [0x00000000c1800000,0x00000000c3a701b8,0x00000000c5080000)
 Metaspace       used 16378K, capacity 16588K, committed 16896K, reserved 1064960K
  class space    used 1725K, capacity 1792K, committed 1792K, reserved 1048576K
Event: 13.058 GC heap after
Heap after GC invocations=11 (full 1):
 PSYoungGen      total 149504K, used 11664K [0x00000000eb300000, 0x00000000f6700000, 0x0000000100000000)
  eden space 134656K, 0% used [0x00000000eb300000,0x00000000eb300000,0x00000000f3680000)
  from space 14848K, 78% used [0x00000000f4600000,0x00000000f5164298,0x00000000f5480000)
  to   space 15872K, 0% used [0x00000000f3680000,0x00000000f3680000,0x00000000f4600000)
 ParOldGen       total 57856K, used 52532K [0x00000000c1800000, 0x00000000c5080000, 0x00000000eb300000)
  object space 57856K, 90% used [0x00000000c1800000,0x00000000c4b4d180,0x00000000c5080000)
 Metaspace       used 16378K, capacity 16588K, committed 16896K, reserved 1064960K
  class space    used 1725K, capacity 1792K, committed 1792K, reserved 1048576K
}
Event: 13.058 GC heap before
{Heap before GC invocations=12 (full 2):
 PSYoungGen      total 149504K, used 11664K [0x00000000eb300000, 0x00000000f6700000, 0x0000000100000000)
  eden space 134656K, 0% used [0x00000000eb300000,0x00000000eb300000,0x00000000f3680000)
  from space 14848K, 78% used [0x00000000f4600000,0x00000000f5164298,0x00000000f5480000)
  to   space 15872K, 0% used [0x00000000f3680000,0x00000000f3680000,0x00000000f4600000)
 ParOldGen       total 57856K, used 52532K [0x00000000c1800000, 0x00000000c5080000, 0x00000000eb300000)
  object space 57856K, 90% used [0x00000000c1800000,0x00000000c4b4d180,0x00000000c5080000)
 Metaspace       used 16378K, capacity 16588K, committed 16896K, reserved 1064960K
  class space    used 1725K, capacity 1792K, committed 1792K, reserved 1048576K
Event: 13.121 GC heap after
Heap after GC invocations=12 (full 2):
 PSYoungGen      total 149504K, used 0K [0x00000000eb300000, 0x00000000f6700000, 0x0000000100000000)
  eden space 134656K, 0% used [0x00000000eb300000,0x00000000eb300000,0x00000000f3680000)
  from space 14848K, 0% used [0x00000000f4600000,0x00000000f4600000,0x00000000f5480000)
  to   space 15872K, 0% used [0x00000000f3680000,0x00000000f3680000,0x00000000f4600000)
 ParOldGen       total 108544K, used 53457K [0x00000000c1800000, 0x00000000c8200000, 0x00000000eb300000)
  object space 108544K, 49% used [0x00000000c1800000,0x00000000c4c34420,0x00000000c8200000)
 Metaspace       used 16378K, capacity 16588K, committed 16896K, reserved 1064960K
  class space    used 1725K, capacity 1792K, committed 1792K, reserved 1048576K
}
Event: 15.026 GC heap before
{Heap before GC invocations=13 (full 2):
 PSYoungGen      total 149504K, used 134656K [0x00000000eb300000, 0x00000000f6700000, 0x0000000100000000)
  eden space 134656K, 100% used [0x00000000eb300000,0x00000000f3680000,0x00000000f3680000)
  from space 14848K, 0% used [0x00000000f4600000,0x00000000f4600000,0x00000000f5480000)
  to   space 15872K, 0% used [0x00000000f3680000,0x00000000f3680000,0x00000000f4600000)
 ParOldGen       total 108544K, used 53457K [0x00000000c1800000, 0x00000000c8200000, 0x00000000eb300000)
  object space 108544K, 49% used [0x00000000c1800000,0x00000000c4c34420,0x00000000c8200000)
 Metaspace       used 16379K, capacity 16588K, committed 16896K, reserved 1064960K
  class space    used 1725K, capacity 1792K, committed 1792K, reserved 1048576K
Event: 15.038 GC heap after
Heap after GC invocations=13 (full 2):
 PSYoungGen      total 150528K, used 9285K [0x00000000eb300000, 0x00000000f7b00000, 0x0000000100000000)
  eden space 134656K, 0% used [0x00000000eb300000,0x00000000eb300000,0x00000000f3680000)
  from space 15872K, 58% used [0x00000000f3680000,0x00000000f3f916a0,0x00000000f4600000)
  to   space 15872K, 0% used [0x00000000f6b80000,0x00000000f6b80000,0x00000000f7b00000)
 ParOldGen       total 108544K, used 61727K [0x00000000c1800000, 0x00000000c8200000, 0x00000000eb300000)
  object space 108544K, 56% used [0x00000000c1800000,0x00000000c5447e18,0x00000000c8200000)
 Metaspace       used 16379K, capacity 16588K, committed 16896K, reserved 1064960K
  class space    used 1725K, capacity 1792K, committed 1792K, reserved 1048576K
}
Event: 17.635 GC heap before
{Heap before GC invocations=14 (full 2):
 PSYoungGen      total 150528K, used 143941K [0x00000000eb300000, 0x00000000f7b00000, 0x0000000100000000)
  eden space 134656K, 100% used [0x00000000eb300000,0x00000000f3680000,0x00000000f3680000)
  from space 15872K, 58% used [0x00000000f3680000,0x00000000f3f916a0,0x00000000f4600000)
  to   space 15872K, 0% used [0x00000000f6b80000,0x00000000f6b80000,0x00000000f7b00000)
 ParOldGen       total 108544K, used 61727K [0x00000000c1800000, 0x00000000c8200000, 0x00000000eb300000)
  object space 108544K, 56% used [0x00000000c1800000,0x00000000c5447e18,0x00000000c8200000)
 Metaspace       used 17061K, capacity 17260K, committed 17536K, reserved 1064960K
  class space    used 1769K, capacity 1824K, committed 1920K, reserved 1048576K
Event: 17.761 GC heap after
Heap after GC invocations=14 (full 2):
 PSYoungGen      total 177664K, used 15861K [0x00000000eb300000, 0x00000000f9a80000, 0x0000000100000000)
  eden space 161792K, 0% used [0x00000000eb300000,0x00000000eb300000,0x00000000f5100000)
  from space 15872K, 99% used [0x00000000f6b80000,0x00000000f7afd708,0x00000000f7b00000)
  to   space 27136K, 0% used [0x00000000f5100000,0x00000000f5100000,0x00000000f6b80000)
 ParOldGen       total 108544K, used 85245K [0x00000000c1800000, 0x00000000c8200000, 0x00000000eb300000)
  object space 108544K, 78% used [0x00000000c1800000,0x00000000c6b3f6d8,0x00000000c8200000)
 Metaspace       used 17061K, capacity 17260K, committed 17536K, reserved 1064960K
  class space    used 1769K, capacity 1824K, committed 1920K, reserved 1048576K
}
Event: 17.761 GC heap before
{Heap before GC invocations=15 (full 3):
 PSYoungGen      total 177664K, used 15861K [0x00000000eb300000, 0x00000000f9a80000, 0x0000000100000000)
  eden space 161792K, 0% used [0x00000000eb300000,0x00000000eb300000,0x00000000f5100000)
  from space 15872K, 99% used [0x00000000f6b80000,0x00000000f7afd708,0x00000000f7b00000)
  to   space 27136K, 0% used [0x00000000f5100000,0x00000000f5100000,0x00000000f6b80000)
 ParOldGen       total 108544K, used 85245K [0x00000000c1800000, 0x00000000c8200000, 0x00000000eb300000)
  object space 108544K, 78% used [0x00000000c1800000,0x00000000c6b3f6d8,0x00000000c8200000)
 Metaspace       used 17061K, capacity 17260K, committed 17536K, reserved 1064960K
  class space    used 1769K, capacity 1824K, committed 1920K, reserved 1048576K
Event: 18.252 GC heap after
Heap after GC invocations=15 (full 3):
 PSYoungGen      total 177664K, used 0K [0x00000000eb300000, 0x00000000f9a80000, 0x0000000100000000)
  eden space 161792K, 0% used [0x00000000eb300000,0x00000000eb300000,0x00000000f5100000)
  from space 15872K, 0% used [0x00000000f6b80000,0x00000000f6b80000,0x00000000f7b00000)
  to   space 27136K, 0% used [0x00000000f5100000,0x00000000f5100000,0x00000000f6b80000)
 ParOldGen       total 173568K, used 100393K [0x00000000c1800000, 0x00000000cc180000, 0x00000000eb300000)
  object space 173568K, 57% used [0x00000000c1800000,0x00000000c7a0a658,0x00000000cc180000)
 Metaspace       used 17061K, capacity 17260K, committed 17536K, reserved 1064960K
  class space    used 1769K, capacity 1824K, committed 1920K, reserved 1048576K
}

