# JRE version: Java(TM) SE Runtime Environment (8.0_45-b15) (build 1.8.0_45-b15)
# Java VM: Java HotSpot(TM) 64-Bit Server VM (25.45-b02 mixed mode windows-amd64 compressed oops)
Heap:
 PSYoungGen      total 176640K, used 142965K [0x00000000eb300000, 0x00000000f9600000, 0x0000000100000000)
  eden space 162304K, 82% used [0x00000000eb300000,0x00000000f34fffe0,0x00000000f5180000)
  from space 14336K, 68% used [0x00000000f5180000,0x00000000f5b1d440,0x00000000f5f80000)
  to   space 14848K, 0% used [0x00000000f8780000,0x00000000f8780000,0x00000000f9600000)
 ParOldGen       total 89600K, used 62655K [0x00000000c1800000, 0x00000000c6f80000, 0x00000000eb300000)
  object space 89600K, 69% used [0x00000000c1800000,0x00000000c552ff40,0x00000000c6f80000)
 Metaspace       used 17475K, capacity 17644K, committed 17792K, reserved 1064960K
  class space    used 1811K, capacity 1888K, committed 1920K, reserved 1048576K
GC Heap History (10 events):
Event: 12.739 GC heap before
{Heap before GC invocations=9 (full 1):
 PSYoungGen      total 72704K, used 59456K [0x00000000eb300000, 0x00000000f4100000, 0x0000000100000000)
  eden space 65536K, 90% used [0x00000000eb300000,0x00000000eed10130,0x00000000ef300000)
  from space 7168K, 0% used [0x00000000ef300000,0x00000000ef300000,0x00000000efa00000)
  to   space 7168K, 0% used [0x00000000f3a00000,0x00000000f3a00000,0x00000000f4100000)
 ParOldGen       total 55808K, used 19890K [0x00000000c1800000, 0x00000000c4e80000, 0x00000000eb300000)
  object space 55808K, 35% used [0x00000000c1800000,0x00000000c2b6c940,0x00000000c4e80000)
 Metaspace       used 16357K, capacity 16524K, committed 16640K, reserved 1064960K
  class space    used 1723K, capacity 1792K, committed 1792K, reserved 1048576K
Event: 12.794 GC heap after
Heap after GC invocations=9 (full 1):
 PSYoungGen      total 122880K, used 7141K [0x00000000eb300000, 0x00000000f4100000, 0x0000000100000000)
  eden space 115712K, 0% used [0x00000000eb300000,0x00000000eb300000,0x00000000f2400000)
  from space 7168K, 99% used [0x00000000f3a00000,0x00000000f40f9640,0x00000000f4100000)
  to   space 14848K, 0% used [0x00000000f2400000,0x00000000f2400000,0x00000000f3280000)
 ParOldGen       total 55808K, used 35281K [0x00000000c1800000, 0x00000000c4e80000, 0x00000000eb300000)
  object space 55808K, 63% used [0x00000000c1800000,0x00000000c3a74650,0x00000000c4e80000)
 Metaspace       used 16357K, capacity 16524K, committed 16640K, reserved 1064960K
  class space    used 1723K, capacity 1792K, committed 1792K, reserved 1048576K
}
Event: 14.268 GC heap before
{Heap before GC invocations=10 (full 1):
 PSYoungGen      total 122880K, used 122853K [0x00000000eb300000, 0x00000000f4100000, 0x0000000100000000)
  eden space 115712K, 100% used [0x00000000eb300000,0x00000000f2400000,0x00000000f2400000)
  from space 7168K, 99% used [0x00000000f3a00000,0x00000000f40f9640,0x00000000f4100000)
  to   space 14848K, 0% used [0x00000000f2400000,0x00000000f2400000,0x00000000f3280000)
 ParOldGen       total 55808K, used 35281K [0x00000000c1800000, 0x00000000c4e80000, 0x00000000eb300000)
  object space 55808K, 63% used [0x00000000c1800000,0x00000000c3a74650,0x00000000c4e80000)
 Metaspace       used 16358K, capacity 16524K, committed 16640K, reserved 1064960K
  class space    used 1723K, capacity 1792K, committed 1792K, reserved 1048576K
Event: 14.327 GC heap after
Heap after GC invocations=10 (full 1):
 PSYoungGen      total 130560K, used 9093K [0x00000000eb300000, 0x00000000f7780000, 0x0000000100000000)
  eden space 115712K, 0% used [0x00000000eb300000,0x00000000eb300000,0x00000000f2400000)
  from space 14848K, 61% used [0x00000000f2400000,0x00000000f2ce15d0,0x00000000f3280000)
  to   space 15360K, 0% used [0x00000000f6880000,0x00000000f6880000,0x00000000f7780000)
 ParOldGen       total 55808K, used 43552K [0x00000000c1800000, 0x00000000c4e80000, 0x00000000eb300000)
  object space 55808K, 78% used [0x00000000c1800000,0x00000000c4288048,0x00000000c4e80000)
 Metaspace       used 16358K, capacity 16524K, committed 16640K, reserved 1064960K
  class space    used 1723K, capacity 1792K, committed 1792K, reserved 1048576K
}
Event: 14.327 GC heap before
{Heap before GC invocations=11 (full 2):
 PSYoungGen      total 130560K, used 9093K [0x00000000eb300000, 0x00000000f7780000, 0x0000000100000000)
  eden space 115712K, 0% used [0x00000000eb300000,0x00000000eb300000,0x00000000f2400000)
  from space 14848K, 61% used [0x00000000f2400000,0x00000000f2ce15d0,0x00000000f3280000)
  to   space 15360K, 0% used [0x00000000f6880000,0x00000000f6880000,0x00000000f7780000)
 ParOldGen       total 55808K, used 43552K [0x00000000c1800000, 0x00000000c4e80000, 0x00000000eb300000)
  object space 55808K, 78% used [0x00000000c1800000,0x00000000c4288048,0x00000000c4e80000)
 Metaspace       used 16358K, capacity 16524K, committed 16640K, reserved 1064960K
  class space    used 1723K, capacity 1792K, committed 1792K, reserved 1048576K
Event: 14.421 GC heap after
Heap after GC invocations=11 (full 2):
 PSYoungGen      total 130560K, used 0K [0x00000000eb300000, 0x00000000f7780000, 0x0000000100000000)
  eden space 115712K, 0% used [0x00000000eb300000,0x00000000eb300000,0x00000000f2400000)
  from space 14848K, 0% used [0x00000000f2400000,0x00000000f2400000,0x00000000f3280000)
  to   space 15360K, 0% used [0x00000000f6880000,0x00000000f6880000,0x00000000f7780000)
 ParOldGen       total 89600K, used 41921K [0x00000000c1800000, 0x00000000c6f80000, 0x00000000eb300000)
  object space 89600K, 46% used [0x00000000c1800000,0x00000000c40f05f8,0x00000000c6f80000)
 Metaspace       used 16358K, capacity 16524K, committed 16640K, reserved 1064960K
  class space    used 1723K, capacity 1792K, committed 1792K, reserved 1048576K
}
Event: 17.734 GC heap before
{Heap before GC invocations=12 (full 2):
 PSYoungGen      total 130560K, used 107662K [0x00000000eb300000, 0x00000000f7780000, 0x0000000100000000)
  eden space 115712K, 93% used [0x00000000eb300000,0x00000000f1c23b38,0x00000000f2400000)
  from space 14848K, 0% used [0x00000000f2400000,0x00000000f2400000,0x00000000f3280000)
  to   space 15360K, 0% used [0x00000000f6880000,0x00000000f6880000,0x00000000f7780000)
 ParOldGen       total 89600K, used 41921K [0x00000000c1800000, 0x00000000c6f80000, 0x00000000eb300000)
  object space 89600K, 46% used [0x00000000c1800000,0x00000000c40f05f8,0x00000000c6f80000)
 Metaspace       used 16363K, capacity 16524K, committed 16640K, reserved 1064960K
  class space    used 1723K, capacity 1792K, committed 1792K, reserved 1048576K
Event: 17.757 GC heap after
Heap after GC invocations=12 (full 2):
 PSYoungGen      total 159232K, used 4951K [0x00000000eb300000, 0x00000000f6d80000, 0x0000000100000000)
  eden space 154112K, 0% used [0x00000000eb300000,0x00000000eb300000,0x00000000f4980000)
  from space 5120K, 96% used [0x00000000f6880000,0x00000000f6d55f38,0x00000000f6d80000)
  to   space 14336K, 0% used [0x00000000f5180000,0x00000000f5180000,0x00000000f5f80000)
 ParOldGen       total 89600K, used 53466K [0x00000000c1800000, 0x00000000c6f80000, 0x00000000eb300000)
  object space 89600K, 59% used [0x00000000c1800000,0x00000000c4c36890,0x00000000c6f80000)
 Metaspace       used 16363K, capacity 16524K, committed 16640K, reserved 1064960K
  class space    used 1723K, capacity 1792K, committed 1792K, reserved 1048576K
}
Event: 23.115 GC heap before
{Heap before GC invocations=13 (full 2):
 PSYoungGen      total 159232K, used 159063K [0x00000000eb300000, 0x00000000f6d80000, 0x0000000100000000)
  eden space 154112K, 100% used [0x00000000eb300000,0x00000000f4980000,0x00000000f4980000)
  from space 5120K, 96% used [0x00000000f6880000,0x00000000f6d55f38,0x00000000f6d80000)
  to   space 14336K, 0% used [0x00000000f5180000,0x00000000f5180000,0x00000000f5f80000)
 ParOldGen       total 89600K, used 53466K [0x00000000c1800000, 0x00000000c6f80000, 0x00000000eb300000)
  object space 89600K, 59% used [0x00000000c1800000,0x00000000c4c36890,0x00000000c6f80000)
 Metaspace       used 16732K, capacity 16940K, committed 17280K, reserved 1064960K
  class space    used 1747K, capacity 1824K, committed 1920K, reserved 1048576K
Event: 23.177 GC heap after
Heap after GC invocations=13 (full 2):
 PSYoungGen      total 176640K, used 9845K [0x00000000eb300000, 0x00000000f9600000, 0x0000000100000000)
  eden space 162304K, 0% used [0x00000000eb300000,0x00000000eb300000,0x00000000f5180000)
  from space 14336K, 68% used [0x00000000f5180000,0x00000000f5b1d440,0x00000000f5f80000)
  to   space 14848K, 0% used [0x00000000f8780000,0x00000000f8780000,0x00000000f9600000)
 ParOldGen       total 89600K, used 62655K [0x00000000c1800000, 0x00000000c6f80000, 0x00000000eb300000)
  object space 89600K, 69% used [0x00000000c1800000,0x00000000c552ff40,0x00000000c6f80000)
 Metaspace       used 16732K, capacity 16940K, committed 17280K, reserved 1064960K
  class space    used 1747K, capacity 1824K, committed 1920K, reserved 1048576K
}

