# JRE version: Java(TM) SE Runtime Environment (8.0_45-b15) (build 1.8.0_45-b15)
# Java VM: Java HotSpot(TM) 64-Bit Server VM (25.45-b02 mixed mode windows-amd64 compressed oops)
Heap:
 PSYoungGen      total 157184K, used 137584K [0x00000000eb300000, 0x00000000f6900000, 0x0000000100000000)
  eden space 150016K, 91% used [0x00000000eb300000,0x00000000f395c140,0x00000000f4580000)
  from space 7168K, 0% used [0x00000000f4580000,0x00000000f4580000,0x00000000f4c80000)
  to   space 7168K, 0% used [0x00000000f6200000,0x00000000f6200000,0x00000000f6900000)
 ParOldGen       total 155136K, used 70891K [0x00000000c1800000, 0x00000000caf80000, 0x00000000eb300000)
  object space 155136K, 45% used [0x00000000c1800000,0x00000000c5d3acc0,0x00000000caf80000)
 Metaspace       used 17491K, capacity 17644K, committed 17792K, reserved 1064960K
  class space    used 1813K, capacity 1888K, committed 1920K, reserved 1048576K
GC Heap History (10 events):
Event: 11.714 GC heap before
{Heap before GC invocations=11 (full 2):
 PSYoungGen      total 117760K, used 104937K [0x00000000eb300000, 0x00000000f2f80000, 0x0000000100000000)
  eden space 113152K, 92% used [0x00000000eb300000,0x00000000f197a488,0x00000000f2180000)
  from space 4608K, 0% used [0x00000000f2b00000,0x00000000f2b00000,0x00000000f2f80000)
  to   space 7168K, 0% used [0x00000000f2180000,0x00000000f2180000,0x00000000f2880000)
 ParOldGen       total 81920K, used 31836K [0x00000000c1800000, 0x00000000c6800000, 0x00000000eb300000)
  object space 81920K, 38% used [0x00000000c1800000,0x00000000c3717088,0x00000000c6800000)
 Metaspace       used 16391K, capacity 16588K, committed 16896K, reserved 1064960K
  class space    used 1726K, capacity 1792K, committed 1792K, reserved 1048576K
Event: 11.749 GC heap after
Heap after GC invocations=11 (full 2):
 PSYoungGen      total 120320K, used 96K [0x00000000eb300000, 0x00000000f5880000, 0x0000000100000000)
  eden space 113152K, 0% used [0x00000000eb300000,0x00000000eb300000,0x00000000f2180000)
  from space 7168K, 1% used [0x00000000f2180000,0x00000000f2198000,0x00000000f2880000)
  to   space 7168K, 0% used [0x00000000f5180000,0x00000000f5180000,0x00000000f5880000)
 ParOldGen       total 81920K, used 62928K [0x00000000c1800000, 0x00000000c6800000, 0x00000000eb300000)
  object space 81920K, 76% used [0x00000000c1800000,0x00000000c5574060,0x00000000c6800000)
 Metaspace       used 16391K, capacity 16588K, committed 16896K, reserved 1064960K
  class space    used 1726K, capacity 1792K, committed 1792K, reserved 1048576K
}
Event: 11.749 GC heap before
{Heap before GC invocations=12 (full 3):
 PSYoungGen      total 120320K, used 96K [0x00000000eb300000, 0x00000000f5880000, 0x0000000100000000)
  eden space 113152K, 0% used [0x00000000eb300000,0x00000000eb300000,0x00000000f2180000)
  from space 7168K, 1% used [0x00000000f2180000,0x00000000f2198000,0x00000000f2880000)
  to   space 7168K, 0% used [0x00000000f5180000,0x00000000f5180000,0x00000000f5880000)
 ParOldGen       total 81920K, used 62928K [0x00000000c1800000, 0x00000000c6800000, 0x00000000eb300000)
  object space 81920K, 76% used [0x00000000c1800000,0x00000000c5574060,0x00000000c6800000)
 Metaspace       used 16391K, capacity 16588K, committed 16896K, reserved 1064960K
  class space    used 1726K, capacity 1792K, committed 1792K, reserved 1048576K
Event: 11.832 GC heap after
Heap after GC invocations=12 (full 3):
 PSYoungGen      total 120320K, used 0K [0x00000000eb300000, 0x00000000f5880000, 0x0000000100000000)
  eden space 113152K, 0% used [0x00000000eb300000,0x00000000eb300000,0x00000000f2180000)
  from space 7168K, 0% used [0x00000000f2180000,0x00000000f2180000,0x00000000f2880000)
  to   space 7168K, 0% used [0x00000000f5180000,0x00000000f5180000,0x00000000f5880000)
 ParOldGen       total 109056K, used 41405K [0x00000000c1800000, 0x00000000c8280000, 0x00000000eb300000)
  object space 109056K, 37% used [0x00000000c1800000,0x00000000c406f548,0x00000000c8280000)
 Metaspace       used 16391K, capacity 16588K, committed 16896K, reserved 1064960K
  class space    used 1726K, capacity 1792K, committed 1792K, reserved 1048576K
}
Event: 13.638 GC heap before
{Heap before GC invocations=13 (full 3):
 PSYoungGen      total 120320K, used 111346K [0x00000000eb300000, 0x00000000f5880000, 0x0000000100000000)
  eden space 113152K, 98% used [0x00000000eb300000,0x00000000f1fbca90,0x00000000f2180000)
  from space 7168K, 0% used [0x00000000f2180000,0x00000000f2180000,0x00000000f2880000)
  to   space 7168K, 0% used [0x00000000f5180000,0x00000000f5180000,0x00000000f5880000)
 ParOldGen       total 109056K, used 41405K [0x00000000c1800000, 0x00000000c8280000, 0x00000000eb300000)
  object space 109056K, 37% used [0x00000000c1800000,0x00000000c406f548,0x00000000c8280000)
 Metaspace       used 16393K, capacity 16588K, committed 16896K, reserved 1064960K
  class space    used 1726K, capacity 1792K, committed 1792K, reserved 1048576K
Event: 13.650 GC heap after
Heap after GC invocations=13 (full 3):
 PSYoungGen      total 142848K, used 1895K [0x00000000eb300000, 0x00000000f5380000, 0x0000000100000000)
  eden space 140800K, 0% used [0x00000000eb300000,0x00000000eb300000,0x00000000f3c80000)
  from space 2048K, 92% used [0x00000000f5180000,0x00000000f5359f28,0x00000000f5380000)
  to   space 7168K, 0% used [0x00000000f4580000,0x00000000f4580000,0x00000000f4c80000)
 ParOldGen       total 109056K, used 61939K [0x00000000c1800000, 0x00000000c8280000, 0x00000000eb300000)
  object space 109056K, 56% used [0x00000000c1800000,0x00000000c547cdb0,0x00000000c8280000)
 Metaspace       used 16393K, capacity 16588K, committed 16896K, reserved 1064960K
  class space    used 1726K, capacity 1792K, committed 1792K, reserved 1048576K
}
Event: 16.039 GC heap before
{Heap before GC invocations=14 (full 3):
 PSYoungGen      total 142848K, used 142695K [0x00000000eb300000, 0x00000000f5380000, 0x0000000100000000)
  eden space 140800K, 100% used [0x00000000eb300000,0x00000000f3c80000,0x00000000f3c80000)
  from space 2048K, 92% used [0x00000000f5180000,0x00000000f5359f28,0x00000000f5380000)
  to   space 7168K, 0% used [0x00000000f4580000,0x00000000f4580000,0x00000000f4c80000)
 ParOldGen       total 109056K, used 61939K [0x00000000c1800000, 0x00000000c8280000, 0x00000000eb300000)
  object space 109056K, 56% used [0x00000000c1800000,0x00000000c547cdb0,0x00000000c8280000)
 Metaspace       used 16601K, capacity 16748K, committed 17024K, reserved 1064960K
  class space    used 1746K, capacity 1824K, committed 1920K, reserved 1048576K
Event: 16.059 GC heap after
Heap after GC invocations=14 (full 3):
 PSYoungGen      total 157184K, used 611K [0x00000000eb300000, 0x00000000f6900000, 0x0000000100000000)
  eden space 150016K, 0% used [0x00000000eb300000,0x00000000eb300000,0x00000000f4580000)
  from space 7168K, 8% used [0x00000000f4580000,0x00000000f4618e80,0x00000000f4c80000)
  to   space 7168K, 0% used [0x00000000f6200000,0x00000000f6200000,0x00000000f6900000)
 ParOldGen       total 109056K, used 79367K [0x00000000c1800000, 0x00000000c8280000, 0x00000000eb300000)
  object space 109056K, 72% used [0x00000000c1800000,0x00000000c6581e48,0x00000000c8280000)
 Metaspace       used 16601K, capacity 16748K, committed 17024K, reserved 1064960K
  class space    used 1746K, capacity 1824K, committed 1920K, reserved 1048576K
}
Event: 16.059 GC heap before
{Heap before GC invocations=15 (full 4):
 PSYoungGen      total 157184K, used 611K [0x00000000eb300000, 0x00000000f6900000, 0x0000000100000000)
  eden space 150016K, 0% used [0x00000000eb300000,0x00000000eb300000,0x00000000f4580000)
  from space 7168K, 8% used [0x00000000f4580000,0x00000000f4618e80,0x00000000f4c80000)
  to   space 7168K, 0% used [0x00000000f6200000,0x00000000f6200000,0x00000000f6900000)
 ParOldGen       total 109056K, used 79367K [0x00000000c1800000, 0x00000000c8280000, 0x00000000eb300000)
  object space 109056K, 72% used [0x00000000c1800000,0x00000000c6581e48,0x00000000c8280000)
 Metaspace       used 16601K, capacity 16748K, committed 17024K, reserved 1064960K
  class space    used 1746K, capacity 1824K, committed 1920K, reserved 1048576K
Event: 16.133 GC heap after
Heap after GC invocations=15 (full 4):
 PSYoungGen      total 157184K, used 0K [0x00000000eb300000, 0x00000000f6900000, 0x0000000100000000)
  eden space 150016K, 0% used [0x00000000eb300000,0x00000000eb300000,0x00000000f4580000)
  from space 7168K, 0% used [0x00000000f4580000,0x00000000f4580000,0x00000000f4c80000)
  to   space 7168K, 0% used [0x00000000f6200000,0x00000000f6200000,0x00000000f6900000)
 ParOldGen       total 155136K, used 70891K [0x00000000c1800000, 0x00000000caf80000, 0x00000000eb300000)
  object space 155136K, 45% used [0x00000000c1800000,0x00000000c5d3acc0,0x00000000caf80000)
 Metaspace       used 16601K, capacity 16748K, committed 17024K, reserved 1064960K
  class space    used 1746K, capacity 1824K, committed 1920K, reserved 1048576K
}

