# JRE version: Java(TM) SE Runtime Environment (8.0_45-b15) (build 1.8.0_45-b15)
# Java VM: Java HotSpot(TM) 64-Bit Server VM (25.45-b02 mixed mode windows-amd64 compressed oops)
Heap:
 PSYoungGen      total 180736K, used 24098K [0x00000000eb300000, 0x00000000fa800000, 0x0000000100000000)
  eden space 166400K, 11% used [0x00000000eb300000,0x00000000ec60c240,0x00000000f5580000)
  from space 14336K, 32% used [0x00000000f6f00000,0x00000000f737c920,0x00000000f7d00000)
  to   space 26112K, 0% used [0x00000000f5580000,0x00000000f5580000,0x00000000f6f00000)
 ParOldGen       total 169472K, used 97658K [0x00000000c1800000, 0x00000000cbd80000, 0x00000000eb300000)
  object space 169472K, 57% used [0x00000000c1800000,0x00000000c775e8d8,0x00000000cbd80000)
 Metaspace       used 17467K, capacity 17644K, committed 17792K, reserved 1064960K
  class space    used 1808K, capacity 1888K, committed 1920K, reserved 1048576K
GC Heap History (10 events):
Event: 13.009 GC heap before
{Heap before GC invocations=11 (full 2):
 PSYoungGen      total 117760K, used 8641K [0x00000000eb300000, 0x00000000f5e80000, 0x0000000100000000)
  eden space 105984K, 0% used [0x00000000eb300000,0x00000000eb300000,0x00000000f1a80000)
  from space 11776K, 73% used [0x00000000f1a80000,0x00000000f22f0710,0x00000000f2600000)
  to   space 12288K, 0% used [0x00000000f5280000,0x00000000f5280000,0x00000000f5e80000)
 ParOldGen       total 58368K, used 54644K [0x00000000c1800000, 0x00000000c5100000, 0x00000000eb300000)
  object space 58368K, 93% used [0x00000000c1800000,0x00000000c4d5d098,0x00000000c5100000)
 Metaspace       used 16367K, capacity 16588K, committed 16896K, reserved 1064960K
  class space    used 1720K, capacity 1792K, committed 1792K, reserved 1048576K
Event: 13.173 GC heap after
Heap after GC invocations=11 (full 2):
 PSYoungGen      total 117760K, used 0K [0x00000000eb300000, 0x00000000f5e80000, 0x0000000100000000)
  eden space 105984K, 0% used [0x00000000eb300000,0x00000000eb300000,0x00000000f1a80000)
  from space 11776K, 0% used [0x00000000f1a80000,0x00000000f1a80000,0x00000000f2600000)
  to   space 12288K, 0% used [0x00000000f5280000,0x00000000f5280000,0x00000000f5e80000)
 ParOldGen       total 95232K, used 41466K [0x00000000c1800000, 0x00000000c7500000, 0x00000000eb300000)
  object space 95232K, 43% used [0x00000000c1800000,0x00000000c407ea20,0x00000000c7500000)
 Metaspace       used 16367K, capacity 16588K, committed 16896K, reserved 1064960K
  class space    used 1720K, capacity 1792K, committed 1792K, reserved 1048576K
}
Event: 15.001 GC heap before
{Heap before GC invocations=12 (full 2):
 PSYoungGen      total 117760K, used 105984K [0x00000000eb300000, 0x00000000f5e80000, 0x0000000100000000)
  eden space 105984K, 100% used [0x00000000eb300000,0x00000000f1a80000,0x00000000f1a80000)
  from space 11776K, 0% used [0x00000000f1a80000,0x00000000f1a80000,0x00000000f2600000)
  to   space 12288K, 0% used [0x00000000f5280000,0x00000000f5280000,0x00000000f5e80000)
 ParOldGen       total 95232K, used 41466K [0x00000000c1800000, 0x00000000c7500000, 0x00000000eb300000)
  object space 95232K, 43% used [0x00000000c1800000,0x00000000c407ea20,0x00000000c7500000)
 Metaspace       used 16367K, capacity 16588K, committed 16896K, reserved 1064960K
  class space    used 1720K, capacity 1792K, committed 1792K, reserved 1048576K
Event: 15.031 GC heap after
Heap after GC invocations=12 (full 2):
 PSYoungGen      total 149504K, used 11600K [0x00000000eb300000, 0x00000000f5e00000, 0x0000000100000000)
  eden space 137728K, 0% used [0x00000000eb300000,0x00000000eb300000,0x00000000f3980000)
  from space 11776K, 98% used [0x00000000f5280000,0x00000000f5dd4298,0x00000000f5e00000)
  to   space 13824K, 0% used [0x00000000f4300000,0x00000000f4300000,0x00000000f5080000)
 ParOldGen       total 95232K, used 50463K [0x00000000c1800000, 0x00000000c7500000, 0x00000000eb300000)
  object space 95232K, 52% used [0x00000000c1800000,0x00000000c4947ff0,0x00000000c7500000)
 Metaspace       used 16367K, capacity 16588K, committed 16896K, reserved 1064960K
  class space    used 1720K, capacity 1792K, committed 1792K, reserved 1048576K
}
Event: 16.966 GC heap before
{Heap before GC invocations=13 (full 2):
 PSYoungGen      total 149504K, used 149328K [0x00000000eb300000, 0x00000000f5e00000, 0x0000000100000000)
  eden space 137728K, 100% used [0x00000000eb300000,0x00000000f3980000,0x00000000f3980000)
  from space 11776K, 98% used [0x00000000f5280000,0x00000000f5dd4298,0x00000000f5e00000)
  to   space 13824K, 0% used [0x00000000f4300000,0x00000000f4300000,0x00000000f5080000)
 ParOldGen       total 95232K, used 50463K [0x00000000c1800000, 0x00000000c7500000, 0x00000000eb300000)
  object space 95232K, 52% used [0x00000000c1800000,0x00000000c4947ff0,0x00000000c7500000)
 Metaspace       used 16369K, capacity 16588K, committed 16896K, reserved 1064960K
  class space    used 1720K, capacity 1792K, committed 1792K, reserved 1048576K
Event: 17.005 GC heap after
Heap after GC invocations=13 (full 2):
 PSYoungGen      total 161280K, used 8366K [0x00000000eb300000, 0x00000000f7d00000, 0x0000000100000000)
  eden space 147456K, 0% used [0x00000000eb300000,0x00000000eb300000,0x00000000f4300000)
  from space 13824K, 60% used [0x00000000f4300000,0x00000000f4b2b9f8,0x00000000f5080000)
  to   space 14336K, 0% used [0x00000000f6f00000,0x00000000f6f00000,0x00000000f7d00000)
 ParOldGen       total 95232K, used 71158K [0x00000000c1800000, 0x00000000c7500000, 0x00000000eb300000)
  object space 95232K, 74% used [0x00000000c1800000,0x00000000c5d7d928,0x00000000c7500000)
 Metaspace       used 16369K, capacity 16588K, committed 16896K, reserved 1064960K
  class space    used 1720K, capacity 1792K, committed 1792K, reserved 1048576K
}
Event: 19.287 GC heap before
{Heap before GC invocations=14 (full 2):
 PSYoungGen      total 161280K, used 155822K [0x00000000eb300000, 0x00000000f7d00000, 0x0000000100000000)
  eden space 147456K, 100% used [0x00000000eb300000,0x00000000f4300000,0x00000000f4300000)
  from space 13824K, 60% used [0x00000000f4300000,0x00000000f4b2b9f8,0x00000000f5080000)
  to   space 14336K, 0% used [0x00000000f6f00000,0x00000000f6f00000,0x00000000f7d00000)
 ParOldGen       total 95232K, used 71158K [0x00000000c1800000, 0x00000000c7500000, 0x00000000eb300000)
  object space 95232K, 74% used [0x00000000c1800000,0x00000000c5d7d928,0x00000000c7500000)
 Metaspace       used 17259K, capacity 17420K, committed 17792K, reserved 1064960K
  class space    used 1792K, capacity 1856K, committed 1920K, reserved 1048576K
Event: 19.437 GC heap after
Heap after GC invocations=14 (full 2):
 PSYoungGen      total 180736K, used 14335K [0x00000000eb300000, 0x00000000fa800000, 0x0000000100000000)
  eden space 166400K, 0% used [0x00000000eb300000,0x00000000eb300000,0x00000000f5580000)
  from space 14336K, 99% used [0x00000000f6f00000,0x00000000f7cffd10,0x00000000f7d00000)
  to   space 26112K, 0% used [0x00000000f5580000,0x00000000f5580000,0x00000000f6f00000)
 ParOldGen       total 97792K, used 97667K [0x00000000c1800000, 0x00000000c7780000, 0x00000000eb300000)
  object space 97792K, 99% used [0x00000000c1800000,0x00000000c7760e90,0x00000000c7780000)
 Metaspace       used 17259K, capacity 17420K, committed 17792K, reserved 1064960K
  class space    used 1792K, capacity 1856K, committed 1920K, reserved 1048576K
}
Event: 19.437 GC heap before
{Heap before GC invocations=15 (full 3):
 PSYoungGen      total 180736K, used 14335K [0x00000000eb300000, 0x00000000fa800000, 0x0000000100000000)
  eden space 166400K, 0% used [0x00000000eb300000,0x00000000eb300000,0x00000000f5580000)
  from space 14336K, 99% used [0x00000000f6f00000,0x00000000f7cffd10,0x00000000f7d00000)
  to   space 26112K, 0% used [0x00000000f5580000,0x00000000f5580000,0x00000000f6f00000)
 ParOldGen       total 97792K, used 97667K [0x00000000c1800000, 0x00000000c7780000, 0x00000000eb300000)
  object space 97792K, 99% used [0x00000000c1800000,0x00000000c7760e90,0x00000000c7780000)
 Metaspace       used 17259K, capacity 17420K, committed 17792K, reserved 1064960K
  class space    used 1792K, capacity 1856K, committed 1920K, reserved 1048576K
Event: 19.820 GC heap after
Heap after GC invocations=15 (full 3):
 PSYoungGen      total 180736K, used 4594K [0x00000000eb300000, 0x00000000fa800000, 0x0000000100000000)
  eden space 166400K, 0% used [0x00000000eb300000,0x00000000eb300000,0x00000000f5580000)
  from space 14336K, 32% used [0x00000000f6f00000,0x00000000f737c920,0x00000000f7d00000)
  to   space 26112K, 0% used [0x00000000f5580000,0x00000000f5580000,0x00000000f6f00000)
 ParOldGen       total 169472K, used 97658K [0x00000000c1800000, 0x00000000cbd80000, 0x00000000eb300000)
  object space 169472K, 57% used [0x00000000c1800000,0x00000000c775e8d8,0x00000000cbd80000)
 Metaspace       used 17259K, capacity 17420K, committed 17792K, reserved 1064960K
  class space    used 1792K, capacity 1856K, committed 1920K, reserved 1048576K
}

