# JRE version: Java(TM) SE Runtime Environment (8.0_45-b15) (build 1.8.0_45-b15)
# Java VM: Java HotSpot(TM) 64-Bit Server VM (25.45-b02 mixed mode windows-amd64 compressed oops)
Heap:
 PSYoungGen      total 170496K, used 141077K [0x00000000eb300000, 0x00000000f9c80000, 0x0000000100000000)
  eden space 154112K, 91% used [0x00000000eb300000,0x00000000f3cc5600,0x00000000f4980000)
  from space 16384K, 0% used [0x00000000f4980000,0x00000000f4980000,0x00000000f5980000)
  to   space 16896K, 0% used [0x00000000f8c00000,0x00000000f8c00000,0x00000000f9c80000)
 ParOldGen       total 135680K, used 71621K [0x00000000c1800000, 0x00000000c9c80000, 0x00000000eb300000)
  object space 135680K, 52% used [0x00000000c1800000,0x00000000c5df15d8,0x00000000c9c80000)
 Metaspace       used 17458K, capacity 17676K, committed 17792K, reserved 1064960K
  class space    used 1817K, capacity 1920K, committed 1920K, reserved 1048576K
GC Heap History (10 events):
Event: 12.241 GC heap before
{Heap before GC invocations=10 (full 1):
 PSYoungGen      total 117760K, used 112576K [0x00000000eb300000, 0x00000000f4100000, 0x0000000100000000)
  eden space 110592K, 95% used [0x00000000eb300000,0x00000000f19f43c8,0x00000000f1f00000)
  from space 7168K, 99% used [0x00000000f3a00000,0x00000000f40fbcc8,0x00000000f4100000)
  to   space 14848K, 0% used [0x00000000f2400000,0x00000000f2400000,0x00000000f3280000)
 ParOldGen       total 56320K, used 34829K [0x00000000c1800000, 0x00000000c4f00000, 0x00000000eb300000)
  object space 56320K, 61% used [0x00000000c1800000,0x00000000c3a037a8,0x00000000c4f00000)
 Metaspace       used 16359K, capacity 16524K, committed 16640K, reserved 1064960K
  class space    used 1729K, capacity 1792K, committed 1792K, reserved 1048576K
Event: 12.268 GC heap after
Heap after GC invocations=10 (full 1):
 PSYoungGen      total 130560K, used 9167K [0x00000000eb300000, 0x00000000f6a80000, 0x0000000100000000)
  eden space 115712K, 0% used [0x00000000eb300000,0x00000000eb300000,0x00000000f2400000)
  from space 14848K, 61% used [0x00000000f2400000,0x00000000f2cf3c78,0x00000000f3280000)
  to   space 15360K, 0% used [0x00000000f5b80000,0x00000000f5b80000,0x00000000f6a80000)
 ParOldGen       total 56320K, used 43100K [0x00000000c1800000, 0x00000000c4f00000, 0x00000000eb300000)
  object space 56320K, 76% used [0x00000000c1800000,0x00000000c42171a0,0x00000000c4f00000)
 Metaspace       used 16359K, capacity 16524K, committed 16640K, reserved 1064960K
  class space    used 1729K, capacity 1792K, committed 1792K, reserved 1048576K
}
Event: 12.268 GC heap before
{Heap before GC invocations=11 (full 2):
 PSYoungGen      total 130560K, used 9167K [0x00000000eb300000, 0x00000000f6a80000, 0x0000000100000000)
  eden space 115712K, 0% used [0x00000000eb300000,0x00000000eb300000,0x00000000f2400000)
  from space 14848K, 61% used [0x00000000f2400000,0x00000000f2cf3c78,0x00000000f3280000)
  to   space 15360K, 0% used [0x00000000f5b80000,0x00000000f5b80000,0x00000000f6a80000)
 ParOldGen       total 56320K, used 43100K [0x00000000c1800000, 0x00000000c4f00000, 0x00000000eb300000)
  object space 56320K, 76% used [0x00000000c1800000,0x00000000c42171a0,0x00000000c4f00000)
 Metaspace       used 16359K, capacity 16524K, committed 16640K, reserved 1064960K
  class space    used 1729K, capacity 1792K, committed 1792K, reserved 1048576K
Event: 12.323 GC heap after
Heap after GC invocations=11 (full 2):
 PSYoungGen      total 130560K, used 0K [0x00000000eb300000, 0x00000000f6a80000, 0x0000000100000000)
  eden space 115712K, 0% used [0x00000000eb300000,0x00000000eb300000,0x00000000f2400000)
  from space 14848K, 0% used [0x00000000f2400000,0x00000000f2400000,0x00000000f3280000)
  to   space 15360K, 0% used [0x00000000f5b80000,0x00000000f5b80000,0x00000000f6a80000)
 ParOldGen       total 91136K, used 41489K [0x00000000c1800000, 0x00000000c7100000, 0x00000000eb300000)
  object space 91136K, 45% used [0x00000000c1800000,0x00000000c4084458,0x00000000c7100000)
 Metaspace       used 16359K, capacity 16524K, committed 16640K, reserved 1064960K
  class space    used 1729K, capacity 1792K, committed 1792K, reserved 1048576K
}
Event: 14.034 GC heap before
{Heap before GC invocations=12 (full 2):
 PSYoungGen      total 130560K, used 113378K [0x00000000eb300000, 0x00000000f6a80000, 0x0000000100000000)
  eden space 115712K, 97% used [0x00000000eb300000,0x00000000f21b8b00,0x00000000f2400000)
  from space 14848K, 0% used [0x00000000f2400000,0x00000000f2400000,0x00000000f3280000)
  to   space 15360K, 0% used [0x00000000f5b80000,0x00000000f5b80000,0x00000000f6a80000)
 ParOldGen       total 91136K, used 41489K [0x00000000c1800000, 0x00000000c7100000, 0x00000000eb300000)
  object space 91136K, 45% used [0x00000000c1800000,0x00000000c4084458,0x00000000c7100000)
 Metaspace       used 16360K, capacity 16524K, committed 16640K, reserved 1064960K
  class space    used 1729K, capacity 1792K, committed 1792K, reserved 1048576K
Event: 14.068 GC heap after
Heap after GC invocations=12 (full 2):
 PSYoungGen      total 168448K, used 11917K [0x00000000eb300000, 0x00000000f6980000, 0x0000000100000000)
  eden space 154112K, 0% used [0x00000000eb300000,0x00000000eb300000,0x00000000f4980000)
  from space 14336K, 83% used [0x00000000f5b80000,0x00000000f67234f8,0x00000000f6980000)
  to   space 16384K, 0% used [0x00000000f4980000,0x00000000f4980000,0x00000000f5980000)
 ParOldGen       total 91136K, used 53025K [0x00000000c1800000, 0x00000000c7100000, 0x00000000eb300000)
  object space 91136K, 58% used [0x00000000c1800000,0x00000000c4bc86f0,0x00000000c7100000)
 Metaspace       used 16360K, capacity 16524K, committed 16640K, reserved 1064960K
  class space    used 1729K, capacity 1792K, committed 1792K, reserved 1048576K
}
Event: 16.475 GC heap before
{Heap before GC invocations=13 (full 2):
 PSYoungGen      total 168448K, used 166029K [0x00000000eb300000, 0x00000000f6980000, 0x0000000100000000)
  eden space 154112K, 100% used [0x00000000eb300000,0x00000000f4980000,0x00000000f4980000)
  from space 14336K, 83% used [0x00000000f5b80000,0x00000000f67234f8,0x00000000f6980000)
  to   space 16384K, 0% used [0x00000000f4980000,0x00000000f4980000,0x00000000f5980000)
 ParOldGen       total 91136K, used 53025K [0x00000000c1800000, 0x00000000c7100000, 0x00000000eb300000)
  object space 91136K, 58% used [0x00000000c1800000,0x00000000c4bc86f0,0x00000000c7100000)
 Metaspace       used 16710K, capacity 16876K, committed 17280K, reserved 1064960K
  class space    used 1753K, capacity 1824K, committed 1920K, reserved 1048576K
Event: 16.523 GC heap after
Heap after GC invocations=13 (full 2):
 PSYoungGen      total 170496K, used 10516K [0x00000000eb300000, 0x00000000f9c80000, 0x0000000100000000)
  eden space 154112K, 0% used [0x00000000eb300000,0x00000000eb300000,0x00000000f4980000)
  from space 16384K, 64% used [0x00000000f4980000,0x00000000f53c52b0,0x00000000f5980000)
  to   space 16896K, 0% used [0x00000000f8c00000,0x00000000f8c00000,0x00000000f9c80000)
 ParOldGen       total 91136K, used 70317K [0x00000000c1800000, 0x00000000c7100000, 0x00000000eb300000)
  object space 91136K, 77% used [0x00000000c1800000,0x00000000c5cab6c8,0x00000000c7100000)
 Metaspace       used 16710K, capacity 16876K, committed 17280K, reserved 1064960K
  class space    used 1753K, capacity 1824K, committed 1920K, reserved 1048576K
}
Event: 16.523 GC heap before
{Heap before GC invocations=14 (full 3):
 PSYoungGen      total 170496K, used 10516K [0x00000000eb300000, 0x00000000f9c80000, 0x0000000100000000)
  eden space 154112K, 0% used [0x00000000eb300000,0x00000000eb300000,0x00000000f4980000)
  from space 16384K, 64% used [0x00000000f4980000,0x00000000f53c52b0,0x00000000f5980000)
  to   space 16896K, 0% used [0x00000000f8c00000,0x00000000f8c00000,0x00000000f9c80000)
 ParOldGen       total 91136K, used 70317K [0x00000000c1800000, 0x00000000c7100000, 0x00000000eb300000)
  object space 91136K, 77% used [0x00000000c1800000,0x00000000c5cab6c8,0x00000000c7100000)
 Metaspace       used 16710K, capacity 16876K, committed 17280K, reserved 1064960K
  class space    used 1753K, capacity 1824K, committed 1920K, reserved 1048576K
Event: 16.669 GC heap after
Heap after GC invocations=14 (full 3):
 PSYoungGen      total 170496K, used 0K [0x00000000eb300000, 0x00000000f9c80000, 0x0000000100000000)
  eden space 154112K, 0% used [0x00000000eb300000,0x00000000eb300000,0x00000000f4980000)
  from space 16384K, 0% used [0x00000000f4980000,0x00000000f4980000,0x00000000f5980000)
  to   space 16896K, 0% used [0x00000000f8c00000,0x00000000f8c00000,0x00000000f9c80000)
 ParOldGen       total 135680K, used 71621K [0x00000000c1800000, 0x00000000c9c80000, 0x00000000eb300000)
  object space 135680K, 52% used [0x00000000c1800000,0x00000000c5df15d8,0x00000000c9c80000)
 Metaspace       used 16710K, capacity 16876K, committed 17280K, reserved 1064960K
  class space    used 1753K, capacity 1824K, committed 1920K, reserved 1048576K
}

