# JRE version: Java(TM) SE Runtime Environment (8.0_45-b15) (build 1.8.0_45-b15)
# Java VM: Java HotSpot(TM) 64-Bit Server VM (25.45-b02 mixed mode windows-amd64 compressed oops)
Heap:
 PSYoungGen      total 177664K, used 20845K [0x00000000eb300000, 0x00000000f9880000, 0x0000000100000000)
  eden space 163328K, 3% used [0x00000000eb300000,0x00000000eb95efb8,0x00000000f5280000)
  from space 14336K, 99% used [0x00000000f6d00000,0x00000000f7afc638,0x00000000f7b00000)
  to   space 27136K, 0% used [0x00000000f5280000,0x00000000f5280000,0x00000000f6d00000)
 ParOldGen       total 118784K, used 89085K [0x00000000c1800000, 0x00000000c8c00000, 0x00000000eb300000)
  object space 118784K, 74% used [0x00000000c1800000,0x00000000c6eff778,0x00000000c8c00000)
 Metaspace       used 17515K, capacity 17740K, committed 18048K, reserved 1064960K
  class space    used 1821K, capacity 1920K, committed 1920K, reserved 1048576K
GC Heap History (10 events):
Event: 14.995 GC heap before
{Heap before GC invocations=11 (full 2):
 PSYoungGen      total 115200K, used 105144K [0x00000000eb300000, 0x00000000f3600000, 0x0000000100000000)
  eden space 108032K, 97% used [0x00000000eb300000,0x00000000f19ae150,0x00000000f1c80000)
  from space 7168K, 0% used [0x00000000f2800000,0x00000000f2800000,0x00000000f2f00000)
  to   space 11776K, 0% used [0x00000000f1c80000,0x00000000f1c80000,0x00000000f2800000)
 ParOldGen       total 82944K, used 31850K [0x00000000c1800000, 0x00000000c6900000, 0x00000000eb300000)
  object space 82944K, 38% used [0x00000000c1800000,0x00000000c371abe8,0x00000000c6900000)
 Metaspace       used 16422K, capacity 16588K, committed 16896K, reserved 1064960K
  class space    used 1733K, capacity 1792K, committed 1792K, reserved 1048576K
Event: 15.028 GC heap after
Heap after GC invocations=11 (full 2):
 PSYoungGen      total 119808K, used 9061K [0x00000000eb300000, 0x00000000f5780000, 0x0000000100000000)
  eden space 108032K, 0% used [0x00000000eb300000,0x00000000eb300000,0x00000000f1c80000)
  from space 11776K, 76% used [0x00000000f1c80000,0x00000000f25595d0,0x00000000f2800000)
  to   space 12800K, 0% used [0x00000000f4b00000,0x00000000f4b00000,0x00000000f5780000)
 ParOldGen       total 82944K, used 53945K [0x00000000c1800000, 0x00000000c6900000, 0x00000000eb300000)
  object space 82944K, 65% used [0x00000000c1800000,0x00000000c4cae5f0,0x00000000c6900000)
 Metaspace       used 16422K, capacity 16588K, committed 16896K, reserved 1064960K
  class space    used 1733K, capacity 1792K, committed 1792K, reserved 1048576K
}
Event: 17.027 GC heap before
{Heap before GC invocations=12 (full 2):
 PSYoungGen      total 119808K, used 117093K [0x00000000eb300000, 0x00000000f5780000, 0x0000000100000000)
  eden space 108032K, 100% used [0x00000000eb300000,0x00000000f1c80000,0x00000000f1c80000)
  from space 11776K, 76% used [0x00000000f1c80000,0x00000000f25595d0,0x00000000f2800000)
  to   space 12800K, 0% used [0x00000000f4b00000,0x00000000f4b00000,0x00000000f5780000)
 ParOldGen       total 82944K, used 53945K [0x00000000c1800000, 0x00000000c6900000, 0x00000000eb300000)
  object space 82944K, 65% used [0x00000000c1800000,0x00000000c4cae5f0,0x00000000c6900000)
 Metaspace       used 16422K, capacity 16588K, committed 16896K, reserved 1064960K
  class space    used 1733K, capacity 1792K, committed 1792K, reserved 1048576K
Event: 17.059 GC heap after
Heap after GC invocations=12 (full 2):
 PSYoungGen      total 154112K, used 11632K [0x00000000eb300000, 0x00000000f5980000, 0x0000000100000000)
  eden space 141312K, 0% used [0x00000000eb300000,0x00000000eb300000,0x00000000f3d00000)
  from space 12800K, 90% used [0x00000000f4b00000,0x00000000f565c298,0x00000000f5780000)
  to   space 14336K, 0% used [0x00000000f3d00000,0x00000000f3d00000,0x00000000f4b00000)
 ParOldGen       total 82944K, used 62942K [0x00000000c1800000, 0x00000000c6900000, 0x00000000eb300000)
  object space 82944K, 75% used [0x00000000c1800000,0x00000000c5577bc0,0x00000000c6900000)
 Metaspace       used 16422K, capacity 16588K, committed 16896K, reserved 1064960K
  class space    used 1733K, capacity 1792K, committed 1792K, reserved 1048576K
}
Event: 17.059 GC heap before
{Heap before GC invocations=13 (full 3):
 PSYoungGen      total 154112K, used 11632K [0x00000000eb300000, 0x00000000f5980000, 0x0000000100000000)
  eden space 141312K, 0% used [0x00000000eb300000,0x00000000eb300000,0x00000000f3d00000)
  from space 12800K, 90% used [0x00000000f4b00000,0x00000000f565c298,0x00000000f5780000)
  to   space 14336K, 0% used [0x00000000f3d00000,0x00000000f3d00000,0x00000000f4b00000)
 ParOldGen       total 82944K, used 62942K [0x00000000c1800000, 0x00000000c6900000, 0x00000000eb300000)
  object space 82944K, 75% used [0x00000000c1800000,0x00000000c5577bc0,0x00000000c6900000)
 Metaspace       used 16422K, capacity 16588K, committed 16896K, reserved 1064960K
  class space    used 1733K, capacity 1792K, committed 1792K, reserved 1048576K
Event: 17.182 GC heap after
Heap after GC invocations=13 (full 3):
 PSYoungGen      total 154112K, used 0K [0x00000000eb300000, 0x00000000f5980000, 0x0000000100000000)
  eden space 141312K, 0% used [0x00000000eb300000,0x00000000eb300000,0x00000000f3d00000)
  from space 12800K, 0% used [0x00000000f4b00000,0x00000000f4b00000,0x00000000f5780000)
  to   space 14336K, 0% used [0x00000000f3d00000,0x00000000f3d00000,0x00000000f4b00000)
 ParOldGen       total 118784K, used 52958K [0x00000000c1800000, 0x00000000c8c00000, 0x00000000eb300000)
  object space 118784K, 44% used [0x00000000c1800000,0x00000000c4bb7908,0x00000000c8c00000)
 Metaspace       used 16422K, capacity 16588K, committed 16896K, reserved 1064960K
  class space    used 1733K, capacity 1792K, committed 1792K, reserved 1048576K
}
Event: 19.736 GC heap before
{Heap before GC invocations=14 (full 3):
 PSYoungGen      total 154112K, used 141312K [0x00000000eb300000, 0x00000000f5980000, 0x0000000100000000)
  eden space 141312K, 100% used [0x00000000eb300000,0x00000000f3d00000,0x00000000f3d00000)
  from space 12800K, 0% used [0x00000000f4b00000,0x00000000f4b00000,0x00000000f5780000)
  to   space 14336K, 0% used [0x00000000f3d00000,0x00000000f3d00000,0x00000000f4b00000)
 ParOldGen       total 118784K, used 52958K [0x00000000c1800000, 0x00000000c8c00000, 0x00000000eb300000)
  object space 118784K, 44% used [0x00000000c1800000,0x00000000c4bb7908,0x00000000c8c00000)
 Metaspace       used 16509K, capacity 16652K, committed 16896K, reserved 1064960K
  class space    used 1736K, capacity 1792K, committed 1792K, reserved 1048576K
Event: 19.757 GC heap after
Heap after GC invocations=14 (full 3):
 PSYoungGen      total 155648K, used 9253K [0x00000000eb300000, 0x00000000f7b00000, 0x0000000100000000)
  eden space 141312K, 0% used [0x00000000eb300000,0x00000000eb300000,0x00000000f3d00000)
  from space 14336K, 64% used [0x00000000f3d00000,0x00000000f46096a0,0x00000000f4b00000)
  to   space 14336K, 0% used [0x00000000f6d00000,0x00000000f6d00000,0x00000000f7b00000)
 ParOldGen       total 118784K, used 61228K [0x00000000c1800000, 0x00000000c8c00000, 0x00000000eb300000)
  object space 118784K, 51% used [0x00000000c1800000,0x00000000c53cb300,0x00000000c8c00000)
 Metaspace       used 16509K, capacity 16652K, committed 16896K, reserved 1064960K
  class space    used 1736K, capacity 1792K, committed 1792K, reserved 1048576K
}
Event: 26.173 GC heap before
{Heap before GC invocations=15 (full 3):
 PSYoungGen      total 155648K, used 150565K [0x00000000eb300000, 0x00000000f7b00000, 0x0000000100000000)
  eden space 141312K, 100% used [0x00000000eb300000,0x00000000f3d00000,0x00000000f3d00000)
  from space 14336K, 64% used [0x00000000f3d00000,0x00000000f46096a0,0x00000000f4b00000)
  to   space 14336K, 0% used [0x00000000f6d00000,0x00000000f6d00000,0x00000000f7b00000)
 ParOldGen       total 118784K, used 61228K [0x00000000c1800000, 0x00000000c8c00000, 0x00000000eb300000)
  object space 118784K, 51% used [0x00000000c1800000,0x00000000c53cb300,0x00000000c8c00000)
 Metaspace       used 17461K, capacity 17676K, committed 17792K, reserved 1064960K
  class space    used 1819K, capacity 1920K, committed 1920K, reserved 1048576K
Event: 26.378 GC heap after
Heap after GC invocations=15 (full 3):
 PSYoungGen      total 177664K, used 14321K [0x00000000eb300000, 0x00000000f9880000, 0x0000000100000000)
  eden space 163328K, 0% used [0x00000000eb300000,0x00000000eb300000,0x00000000f5280000)
  from space 14336K, 99% used [0x00000000f6d00000,0x00000000f7afc638,0x00000000f7b00000)
  to   space 27136K, 0% used [0x00000000f5280000,0x00000000f5280000,0x00000000f6d00000)
 ParOldGen       total 118784K, used 89085K [0x00000000c1800000, 0x00000000c8c00000, 0x00000000eb300000)
  object space 118784K, 74% used [0x00000000c1800000,0x00000000c6eff778,0x00000000c8c00000)
 Metaspace       used 17461K, capacity 17676K, committed 17792K, reserved 1064960K
  class space    used 1819K, capacity 1920K, committed 1920K, reserved 1048576K
}

