# JRE version: Java(TM) SE Runtime Environment (8.0_45-b15) (build 1.8.0_45-b15)
# Java VM: Java HotSpot(TM) 64-Bit Server VM (25.45-b02 mixed mode windows-amd64 compressed oops)
Heap:
 PSYoungGen      total 172544K, used 71886K [0x00000000eb300000, 0x00000000f8380000, 0x0000000100000000)
  eden space 157184K, 35% used [0x00000000eb300000,0x00000000eea36748,0x00000000f4c80000)
  from space 15360K, 99% used [0x00000000f6380000,0x00000000f727d2b0,0x00000000f7280000)
  to   space 23552K, 0% used [0x00000000f4c80000,0x00000000f4c80000,0x00000000f6380000)
 ParOldGen       total 147456K, used 90249K [0x00000000c1800000, 0x00000000ca800000, 0x00000000eb300000)
  object space 147456K, 61% used [0x00000000c1800000,0x00000000c7022480,0x00000000ca800000)
 Metaspace       used 17441K, capacity 17644K, committed 17792K, reserved 1064960K
  class space    used 1813K, capacity 1888K, committed 1920K, reserved 1048576K
GC Heap History (10 events):
Event: 10.383 GC heap before
{Heap before GC invocations=11 (full 2):
 PSYoungGen      total 111616K, used 8635K [0x00000000eb300000, 0x00000000f4b00000, 0x0000000100000000)
  eden space 99840K, 0% used [0x00000000eb300000,0x00000000eb300000,0x00000000f1480000)
  from space 11776K, 73% used [0x00000000f1480000,0x00000000f1ceeda8,0x00000000f2000000)
  to   space 12288K, 0% used [0x00000000f3f00000,0x00000000f3f00000,0x00000000f4b00000)
 ParOldGen       total 59392K, used 45660K [0x00000000c1800000, 0x00000000c5200000, 0x00000000eb300000)
  object space 59392K, 76% used [0x00000000c1800000,0x00000000c44972e8,0x00000000c5200000)
 Metaspace       used 16362K, capacity 16524K, committed 16640K, reserved 1064960K
  class space    used 1725K, capacity 1792K, committed 1792K, reserved 1048576K
Event: 10.439 GC heap after
Heap after GC invocations=11 (full 2):
 PSYoungGen      total 111616K, used 0K [0x00000000eb300000, 0x00000000f4b00000, 0x0000000100000000)
  eden space 99840K, 0% used [0x00000000eb300000,0x00000000eb300000,0x00000000f1480000)
  from space 11776K, 0% used [0x00000000f1480000,0x00000000f1480000,0x00000000f2000000)
  to   space 12288K, 0% used [0x00000000f3f00000,0x00000000f3f00000,0x00000000f4b00000)
 ParOldGen       total 84992K, used 32474K [0x00000000c1800000, 0x00000000c6b00000, 0x00000000eb300000)
  object space 84992K, 38% used [0x00000000c1800000,0x00000000c37b6a38,0x00000000c6b00000)
 Metaspace       used 16362K, capacity 16524K, committed 16640K, reserved 1064960K
  class space    used 1725K, capacity 1792K, committed 1792K, reserved 1048576K
}
Event: 11.620 GC heap before
{Heap before GC invocations=12 (full 2):
 PSYoungGen      total 111616K, used 89015K [0x00000000eb300000, 0x00000000f4b00000, 0x0000000100000000)
  eden space 99840K, 89% used [0x00000000eb300000,0x00000000f09edc38,0x00000000f1480000)
  from space 11776K, 0% used [0x00000000f1480000,0x00000000f1480000,0x00000000f2000000)
  to   space 12288K, 0% used [0x00000000f3f00000,0x00000000f3f00000,0x00000000f4b00000)
 ParOldGen       total 84992K, used 32474K [0x00000000c1800000, 0x00000000c6b00000, 0x00000000eb300000)
  object space 84992K, 38% used [0x00000000c1800000,0x00000000c37b6a38,0x00000000c6b00000)
 Metaspace       used 16362K, capacity 16524K, committed 16640K, reserved 1064960K
  class space    used 1725K, capacity 1792K, committed 1792K, reserved 1048576K
Event: 11.638 GC heap after
Heap after GC invocations=12 (full 2):
 PSYoungGen      total 141312K, used 11600K [0x00000000eb300000, 0x00000000f4c00000, 0x0000000100000000)
  eden space 129024K, 0% used [0x00000000eb300000,0x00000000eb300000,0x00000000f3100000)
  from space 12288K, 94% used [0x00000000f3f00000,0x00000000f4a54298,0x00000000f4b00000)
  to   space 13824K, 0% used [0x00000000f3100000,0x00000000f3100000,0x00000000f3e80000)
 ParOldGen       total 84992K, used 50469K [0x00000000c1800000, 0x00000000c6b00000, 0x00000000eb300000)
  object space 84992K, 59% used [0x00000000c1800000,0x00000000c49495d8,0x00000000c6b00000)
 Metaspace       used 16362K, capacity 16524K, committed 16640K, reserved 1064960K
  class space    used 1725K, capacity 1792K, committed 1792K, reserved 1048576K
}
Event: 13.517 GC heap before
{Heap before GC invocations=13 (full 2):
 PSYoungGen      total 141312K, used 140495K [0x00000000eb300000, 0x00000000f4c00000, 0x0000000100000000)
  eden space 129024K, 99% used [0x00000000eb300000,0x00000000f30df980,0x00000000f3100000)
  from space 12288K, 94% used [0x00000000f3f00000,0x00000000f4a54298,0x00000000f4b00000)
  to   space 13824K, 0% used [0x00000000f3100000,0x00000000f3100000,0x00000000f3e80000)
 ParOldGen       total 84992K, used 50469K [0x00000000c1800000, 0x00000000c6b00000, 0x00000000eb300000)
  object space 84992K, 59% used [0x00000000c1800000,0x00000000c49495d8,0x00000000c6b00000)
 Metaspace       used 16364K, capacity 16524K, committed 16640K, reserved 1064960K
  class space    used 1725K, capacity 1792K, committed 1792K, reserved 1048576K
Event: 13.539 GC heap after
Heap after GC invocations=13 (full 2):
 PSYoungGen      total 142848K, used 11664K [0x00000000eb300000, 0x00000000f7280000, 0x0000000100000000)
  eden space 129024K, 0% used [0x00000000eb300000,0x00000000eb300000,0x00000000f3100000)
  from space 13824K, 84% used [0x00000000f3100000,0x00000000f3c64298,0x00000000f3e80000)
  to   space 15360K, 0% used [0x00000000f6380000,0x00000000f6380000,0x00000000f7280000)
 ParOldGen       total 84992K, used 72563K [0x00000000c1800000, 0x00000000c6b00000, 0x00000000eb300000)
  object space 84992K, 85% used [0x00000000c1800000,0x00000000c5edcfe0,0x00000000c6b00000)
 Metaspace       used 16364K, capacity 16524K, committed 16640K, reserved 1064960K
  class space    used 1725K, capacity 1792K, committed 1792K, reserved 1048576K
}
Event: 13.539 GC heap before
{Heap before GC invocations=14 (full 3):
 PSYoungGen      total 142848K, used 11664K [0x00000000eb300000, 0x00000000f7280000, 0x0000000100000000)
  eden space 129024K, 0% used [0x00000000eb300000,0x00000000eb300000,0x00000000f3100000)
  from space 13824K, 84% used [0x00000000f3100000,0x00000000f3c64298,0x00000000f3e80000)
  to   space 15360K, 0% used [0x00000000f6380000,0x00000000f6380000,0x00000000f7280000)
 ParOldGen       total 84992K, used 72563K [0x00000000c1800000, 0x00000000c6b00000, 0x00000000eb300000)
  object space 84992K, 85% used [0x00000000c1800000,0x00000000c5edcfe0,0x00000000c6b00000)
 Metaspace       used 16364K, capacity 16524K, committed 16640K, reserved 1064960K
  class space    used 1725K, capacity 1792K, committed 1792K, reserved 1048576K
Event: 13.638 GC heap after
Heap after GC invocations=14 (full 3):
 PSYoungGen      total 142848K, used 0K [0x00000000eb300000, 0x00000000f7280000, 0x0000000100000000)
  eden space 129024K, 0% used [0x00000000eb300000,0x00000000eb300000,0x00000000f3100000)
  from space 13824K, 0% used [0x00000000f3100000,0x00000000f3100000,0x00000000f3e80000)
  to   space 15360K, 0% used [0x00000000f6380000,0x00000000f6380000,0x00000000f7280000)
 ParOldGen       total 147456K, used 75039K [0x00000000c1800000, 0x00000000ca800000, 0x00000000eb300000)
  object space 147456K, 50% used [0x00000000c1800000,0x00000000c6147c90,0x00000000ca800000)
 Metaspace       used 16364K, capacity 16524K, committed 16640K, reserved 1064960K
  class space    used 1725K, capacity 1792K, committed 1792K, reserved 1048576K
}
Event: 15.536 GC heap before
{Heap before GC invocations=15 (full 3):
 PSYoungGen      total 142848K, used 129024K [0x00000000eb300000, 0x00000000f7280000, 0x0000000100000000)
  eden space 129024K, 100% used [0x00000000eb300000,0x00000000f3100000,0x00000000f3100000)
  from space 13824K, 0% used [0x00000000f3100000,0x00000000f3100000,0x00000000f3e80000)
  to   space 15360K, 0% used [0x00000000f6380000,0x00000000f6380000,0x00000000f7280000)
 ParOldGen       total 147456K, used 75039K [0x00000000c1800000, 0x00000000ca800000, 0x00000000eb300000)
  object space 147456K, 50% used [0x00000000c1800000,0x00000000c6147c90,0x00000000ca800000)
 Metaspace       used 17039K, capacity 17196K, committed 17536K, reserved 1064960K
  class space    used 1769K, capacity 1824K, committed 1920K, reserved 1048576K
Event: 15.609 GC heap after
Heap after GC invocations=15 (full 3):
 PSYoungGen      total 172544K, used 15348K [0x00000000eb300000, 0x00000000f8380000, 0x0000000100000000)
  eden space 157184K, 0% used [0x00000000eb300000,0x00000000eb300000,0x00000000f4c80000)
  from space 15360K, 99% used [0x00000000f6380000,0x00000000f727d2b0,0x00000000f7280000)
  to   space 23552K, 0% used [0x00000000f4c80000,0x00000000f4c80000,0x00000000f6380000)
 ParOldGen       total 147456K, used 90249K [0x00000000c1800000, 0x00000000ca800000, 0x00000000eb300000)
  object space 147456K, 61% used [0x00000000c1800000,0x00000000c7022480,0x00000000ca800000)
 Metaspace       used 17039K, capacity 17196K, committed 17536K, reserved 1064960K
  class space    used 1769K, capacity 1824K, committed 1920K, reserved 1048576K
}

