# JRE version: Java(TM) SE Runtime Environment (8.0_45-b15) (build 1.8.0_45-b15)
# Java VM: Java HotSpot(TM) 64-Bit Server VM (25.45-b02 mixed mode windows-amd64 compressed oops)
Heap:
 PSYoungGen      total 158720K, used 139846K [0x00000000eb300000, 0x00000000f7280000, 0x0000000100000000)
  eden space 151552K, 91% used [0x00000000eb300000,0x00000000f3a39c28,0x00000000f4700000)
  from space 7168K, 19% used [0x00000000f4700000,0x00000000f4857c00,0x00000000f4e00000)
  to   space 7168K, 0% used [0x00000000f6b80000,0x00000000f6b80000,0x00000000f7280000)
 ParOldGen       total 112128K, used 79371K [0x00000000c1800000, 0x00000000c8580000, 0x00000000eb300000)
  object space 112128K, 70% used [0x00000000c1800000,0x00000000c6582d80,0x00000000c8580000)
 Metaspace       used 17479K, capacity 17644K, committed 17792K, reserved 1064960K
  class space    used 1813K, capacity 1888K, committed 1920K, reserved 1048576K
GC Heap History (10 events):
Event: 12.403 GC heap before
{Heap before GC invocations=10 (full 2):
 PSYoungGen      total 115712K, used 825K [0x00000000eb300000, 0x00000000f3a00000, 0x0000000100000000)
  eden space 114688K, 0% used [0x00000000eb300000,0x00000000eb300000,0x00000000f2300000)
  from space 1024K, 80% used [0x00000000f3900000,0x00000000f39ce490,0x00000000f3a00000)
  to   space 6656K, 0% used [0x00000000f2d00000,0x00000000f2d00000,0x00000000f3380000)
 ParOldGen       total 54784K, used 41613K [0x00000000c1800000, 0x00000000c4d80000, 0x00000000eb300000)
  object space 54784K, 75% used [0x00000000c1800000,0x00000000c40a3470,0x00000000c4d80000)
 Metaspace       used 16381K, capacity 16588K, committed 16896K, reserved 1064960K
  class space    used 1725K, capacity 1792K, committed 1792K, reserved 1048576K
Event: 12.443 GC heap after
Heap after GC invocations=10 (full 2):
 PSYoungGen      total 115712K, used 0K [0x00000000eb300000, 0x00000000f3a00000, 0x0000000100000000)
  eden space 114688K, 0% used [0x00000000eb300000,0x00000000eb300000,0x00000000f2300000)
  from space 1024K, 0% used [0x00000000f3900000,0x00000000f3900000,0x00000000f3a00000)
  to   space 6656K, 0% used [0x00000000f2d00000,0x00000000f2d00000,0x00000000f3380000)
 ParOldGen       total 83456K, used 32283K [0x00000000c1800000, 0x00000000c6980000, 0x00000000eb300000)
  object space 83456K, 38% used [0x00000000c1800000,0x00000000c3786c38,0x00000000c6980000)
 Metaspace       used 16381K, capacity 16588K, committed 16896K, reserved 1064960K
  class space    used 1725K, capacity 1792K, committed 1792K, reserved 1048576K
}
Event: 13.831 GC heap before
{Heap before GC invocations=11 (full 2):
 PSYoungGen      total 115712K, used 106832K [0x00000000eb300000, 0x00000000f3a00000, 0x0000000100000000)
  eden space 114688K, 93% used [0x00000000eb300000,0x00000000f1b54058,0x00000000f2300000)
  from space 1024K, 0% used [0x00000000f3900000,0x00000000f3900000,0x00000000f3a00000)
  to   space 6656K, 0% used [0x00000000f2d00000,0x00000000f2d00000,0x00000000f3380000)
 ParOldGen       total 83456K, used 32283K [0x00000000c1800000, 0x00000000c6980000, 0x00000000eb300000)
  object space 83456K, 38% used [0x00000000c1800000,0x00000000c3786c38,0x00000000c6980000)
 Metaspace       used 16381K, capacity 16588K, committed 16896K, reserved 1064960K
  class space    used 1725K, capacity 1792K, committed 1792K, reserved 1048576K
Event: 13.868 GC heap after
Heap after GC invocations=11 (full 2):
 PSYoungGen      total 131584K, used 64K [0x00000000eb300000, 0x00000000f5500000, 0x0000000100000000)
  eden space 124928K, 0% used [0x00000000eb300000,0x00000000eb300000,0x00000000f2d00000)
  from space 6656K, 0% used [0x00000000f2d00000,0x00000000f2d10000,0x00000000f3380000)
  to   space 6656K, 0% used [0x00000000f4e80000,0x00000000f4e80000,0x00000000f5500000)
 ParOldGen       total 83456K, used 63375K [0x00000000c1800000, 0x00000000c6980000, 0x00000000eb300000)
  object space 83456K, 75% used [0x00000000c1800000,0x00000000c55e3c10,0x00000000c6980000)
 Metaspace       used 16381K, capacity 16588K, committed 16896K, reserved 1064960K
  class space    used 1725K, capacity 1792K, committed 1792K, reserved 1048576K
}
Event: 13.868 GC heap before
{Heap before GC invocations=12 (full 3):
 PSYoungGen      total 131584K, used 64K [0x00000000eb300000, 0x00000000f5500000, 0x0000000100000000)
  eden space 124928K, 0% used [0x00000000eb300000,0x00000000eb300000,0x00000000f2d00000)
  from space 6656K, 0% used [0x00000000f2d00000,0x00000000f2d10000,0x00000000f3380000)
  to   space 6656K, 0% used [0x00000000f4e80000,0x00000000f4e80000,0x00000000f5500000)
 ParOldGen       total 83456K, used 63375K [0x00000000c1800000, 0x00000000c6980000, 0x00000000eb300000)
  object space 83456K, 75% used [0x00000000c1800000,0x00000000c55e3c10,0x00000000c6980000)
 Metaspace       used 16381K, capacity 16588K, committed 16896K, reserved 1064960K
  class space    used 1725K, capacity 1792K, committed 1792K, reserved 1048576K
Event: 13.972 GC heap after
Heap after GC invocations=12 (full 3):
 PSYoungGen      total 131584K, used 0K [0x00000000eb300000, 0x00000000f5500000, 0x0000000100000000)
  eden space 124928K, 0% used [0x00000000eb300000,0x00000000eb300000,0x00000000f2d00000)
  from space 6656K, 0% used [0x00000000f2d00000,0x00000000f2d00000,0x00000000f3380000)
  to   space 6656K, 0% used [0x00000000f4e80000,0x00000000f4e80000,0x00000000f5500000)
 ParOldGen       total 112128K, used 41401K [0x00000000c1800000, 0x00000000c8580000, 0x00000000eb300000)
  object space 112128K, 36% used [0x00000000c1800000,0x00000000c406e480,0x00000000c8580000)
 Metaspace       used 16381K, capacity 16588K, committed 16896K, reserved 1064960K
  class space    used 1725K, capacity 1792K, committed 1792K, reserved 1048576K
}
Event: 16.458 GC heap before
{Heap before GC invocations=13 (full 3):
 PSYoungGen      total 131584K, used 117384K [0x00000000eb300000, 0x00000000f5500000, 0x0000000100000000)
  eden space 124928K, 93% used [0x00000000eb300000,0x00000000f25a20f8,0x00000000f2d00000)
  from space 6656K, 0% used [0x00000000f2d00000,0x00000000f2d00000,0x00000000f3380000)
  to   space 6656K, 0% used [0x00000000f4e80000,0x00000000f4e80000,0x00000000f5500000)
 ParOldGen       total 112128K, used 41401K [0x00000000c1800000, 0x00000000c8580000, 0x00000000eb300000)
  object space 112128K, 36% used [0x00000000c1800000,0x00000000c406e480,0x00000000c8580000)
 Metaspace       used 16382K, capacity 16588K, committed 16896K, reserved 1064960K
  class space    used 1725K, capacity 1792K, committed 1792K, reserved 1048576K
Event: 16.479 GC heap after
Heap after GC invocations=13 (full 3):
 PSYoungGen      total 158208K, used 4958K [0x00000000eb300000, 0x00000000f5500000, 0x0000000100000000)
  eden space 151552K, 0% used [0x00000000eb300000,0x00000000eb300000,0x00000000f4700000)
  from space 6656K, 74% used [0x00000000f4e80000,0x00000000f53578a0,0x00000000f5500000)
  to   space 7168K, 0% used [0x00000000f4700000,0x00000000f4700000,0x00000000f4e00000)
 ParOldGen       total 112128K, used 61935K [0x00000000c1800000, 0x00000000c8580000, 0x00000000eb300000)
  object space 112128K, 55% used [0x00000000c1800000,0x00000000c547bce8,0x00000000c8580000)
 Metaspace       used 16382K, capacity 16588K, committed 16896K, reserved 1064960K
  class space    used 1725K, capacity 1792K, committed 1792K, reserved 1048576K
}
Event: 19.745 GC heap before
{Heap before GC invocations=14 (full 3):
 PSYoungGen      total 158208K, used 156510K [0x00000000eb300000, 0x00000000f5500000, 0x0000000100000000)
  eden space 151552K, 100% used [0x00000000eb300000,0x00000000f4700000,0x00000000f4700000)
  from space 6656K, 74% used [0x00000000f4e80000,0x00000000f53578a0,0x00000000f5500000)
  to   space 7168K, 0% used [0x00000000f4700000,0x00000000f4700000,0x00000000f4e00000)
 ParOldGen       total 112128K, used 61935K [0x00000000c1800000, 0x00000000c8580000, 0x00000000eb300000)
  object space 112128K, 55% used [0x00000000c1800000,0x00000000c547bce8,0x00000000c8580000)
 Metaspace       used 16725K, capacity 16940K, committed 17280K, reserved 1064960K
  class space    used 1749K, capacity 1824K, committed 1920K, reserved 1048576K
Event: 19.782 GC heap after
Heap after GC invocations=14 (full 3):
 PSYoungGen      total 158720K, used 1375K [0x00000000eb300000, 0x00000000f7280000, 0x0000000100000000)
  eden space 151552K, 0% used [0x00000000eb300000,0x00000000eb300000,0x00000000f4700000)
  from space 7168K, 19% used [0x00000000f4700000,0x00000000f4857c00,0x00000000f4e00000)
  to   space 7168K, 0% used [0x00000000f6b80000,0x00000000f6b80000,0x00000000f7280000)
 ParOldGen       total 112128K, used 79371K [0x00000000c1800000, 0x00000000c8580000, 0x00000000eb300000)
  object space 112128K, 70% used [0x00000000c1800000,0x00000000c6582d80,0x00000000c8580000)
 Metaspace       used 16725K, capacity 16940K, committed 17280K, reserved 1064960K
  class space    used 1749K, capacity 1824K, committed 1920K, reserved 1048576K
}

