# JRE version: Java(TM) SE Runtime Environment (8.0_45-b15) (build 1.8.0_45-b15)
# Java VM: Java HotSpot(TM) 64-Bit Server VM (25.45-b02 mixed mode windows-amd64 compressed oops)
Heap:
 PSYoungGen      total 163328K, used 153511K [0x00000000eb300000, 0x00000000f9380000, 0x0000000100000000)
  eden space 147456K, 97% used [0x00000000eb300000,0x00000000f3f01fc8,0x00000000f4300000)
  from space 15872K, 63% used [0x00000000f4300000,0x00000000f4ce7d50,0x00000000f5280000)
  to   space 16384K, 0% used [0x00000000f8380000,0x00000000f8380000,0x00000000f9380000)
 ParOldGen       total 92672K, used 70344K [0x00000000c1800000, 0x00000000c7280000, 0x00000000eb300000)
  object space 92672K, 75% used [0x00000000c1800000,0x00000000c5cb20c8,0x00000000c7280000)
 Metaspace       used 17476K, capacity 17676K, committed 17792K, reserved 1064960K
  class space    used 1815K, capacity 1920K, committed 1920K, reserved 1048576K
GC Heap History (10 events):
Event: 9.786 GC heap before
{Heap before GC invocations=9 (full 1):
 PSYoungGen      total 72704K, used 59066K [0x00000000eb300000, 0x00000000f4100000, 0x0000000100000000)
  eden space 65536K, 90% used [0x00000000eb300000,0x00000000eecaeba8,0x00000000ef300000)
  from space 7168K, 0% used [0x00000000ef300000,0x00000000ef300000,0x00000000efa00000)
  to   space 7168K, 0% used [0x00000000f3a00000,0x00000000f3a00000,0x00000000f4100000)
 ParOldGen       total 56832K, used 19465K [0x00000000c1800000, 0x00000000c4f80000, 0x00000000eb300000)
  object space 56832K, 34% used [0x00000000c1800000,0x00000000c2b02588,0x00000000c4f80000)
 Metaspace       used 16384K, capacity 16588K, committed 16896K, reserved 1064960K
  class space    used 1727K, capacity 1792K, committed 1792K, reserved 1048576K
Event: 9.798 GC heap after
Heap after GC invocations=9 (full 1):
 PSYoungGen      total 115200K, used 7141K [0x00000000eb300000, 0x00000000f4100000, 0x0000000100000000)
  eden space 108032K, 0% used [0x00000000eb300000,0x00000000eb300000,0x00000000f1c80000)
  from space 7168K, 99% used [0x00000000f3a00000,0x00000000f40f9640,0x00000000f4100000)
  to   space 14848K, 0% used [0x00000000f2400000,0x00000000f2400000,0x00000000f3280000)
 ParOldGen       total 56832K, used 34856K [0x00000000c1800000, 0x00000000c4f80000, 0x00000000eb300000)
  object space 56832K, 61% used [0x00000000c1800000,0x00000000c3a0a298,0x00000000c4f80000)
 Metaspace       used 16384K, capacity 16588K, committed 16896K, reserved 1064960K
  class space    used 1727K, capacity 1792K, committed 1792K, reserved 1048576K
}
Event: 11.051 GC heap before
{Heap before GC invocations=10 (full 1):
 PSYoungGen      total 115200K, used 113210K [0x00000000eb300000, 0x00000000f4100000, 0x0000000100000000)
  eden space 108032K, 98% used [0x00000000eb300000,0x00000000f1a95230,0x00000000f1c80000)
  from space 7168K, 99% used [0x00000000f3a00000,0x00000000f40f9640,0x00000000f4100000)
  to   space 14848K, 0% used [0x00000000f2400000,0x00000000f2400000,0x00000000f3280000)
 ParOldGen       total 56832K, used 34856K [0x00000000c1800000, 0x00000000c4f80000, 0x00000000eb300000)
  object space 56832K, 61% used [0x00000000c1800000,0x00000000c3a0a298,0x00000000c4f80000)
 Metaspace       used 16385K, capacity 16588K, committed 16896K, reserved 1064960K
  class space    used 1727K, capacity 1792K, committed 1792K, reserved 1048576K
Event: 11.065 GC heap after
Heap after GC invocations=10 (full 1):
 PSYoungGen      total 130560K, used 8398K [0x00000000eb300000, 0x00000000f6100000, 0x0000000100000000)
  eden space 115712K, 0% used [0x00000000eb300000,0x00000000eb300000,0x00000000f2400000)
  from space 14848K, 56% used [0x00000000f2400000,0x00000000f2c339f8,0x00000000f3280000)
  to   space 14848K, 0% used [0x00000000f5280000,0x00000000f5280000,0x00000000f6100000)
 ParOldGen       total 56832K, used 43854K [0x00000000c1800000, 0x00000000c4f80000, 0x00000000eb300000)
  object space 56832K, 77% used [0x00000000c1800000,0x00000000c42d3868,0x00000000c4f80000)
 Metaspace       used 16385K, capacity 16588K, committed 16896K, reserved 1064960K
  class space    used 1727K, capacity 1792K, committed 1792K, reserved 1048576K
}
Event: 11.065 GC heap before
{Heap before GC invocations=11 (full 2):
 PSYoungGen      total 130560K, used 8398K [0x00000000eb300000, 0x00000000f6100000, 0x0000000100000000)
  eden space 115712K, 0% used [0x00000000eb300000,0x00000000eb300000,0x00000000f2400000)
  from space 14848K, 56% used [0x00000000f2400000,0x00000000f2c339f8,0x00000000f3280000)
  to   space 14848K, 0% used [0x00000000f5280000,0x00000000f5280000,0x00000000f6100000)
 ParOldGen       total 56832K, used 43854K [0x00000000c1800000, 0x00000000c4f80000, 0x00000000eb300000)
  object space 56832K, 77% used [0x00000000c1800000,0x00000000c42d3868,0x00000000c4f80000)
 Metaspace       used 16385K, capacity 16588K, committed 16896K, reserved 1064960K
  class space    used 1727K, capacity 1792K, committed 1792K, reserved 1048576K
Event: 11.108 GC heap after
Heap after GC invocations=11 (full 2):
 PSYoungGen      total 130560K, used 0K [0x00000000eb300000, 0x00000000f6100000, 0x0000000100000000)
  eden space 115712K, 0% used [0x00000000eb300000,0x00000000eb300000,0x00000000f2400000)
  from space 14848K, 0% used [0x00000000f2400000,0x00000000f2400000,0x00000000f3280000)
  to   space 14848K, 0% used [0x00000000f5280000,0x00000000f5280000,0x00000000f6100000)
 ParOldGen       total 92672K, used 41523K [0x00000000c1800000, 0x00000000c7280000, 0x00000000eb300000)
  object space 92672K, 44% used [0x00000000c1800000,0x00000000c408ce58,0x00000000c7280000)
 Metaspace       used 16385K, capacity 16588K, committed 16896K, reserved 1064960K
  class space    used 1727K, capacity 1792K, committed 1792K, reserved 1048576K
}
Event: 13.159 GC heap before
{Heap before GC invocations=12 (full 2):
 PSYoungGen      total 130560K, used 113903K [0x00000000eb300000, 0x00000000f6100000, 0x0000000100000000)
  eden space 115712K, 98% used [0x00000000eb300000,0x00000000f223bce8,0x00000000f2400000)
  from space 14848K, 0% used [0x00000000f2400000,0x00000000f2400000,0x00000000f3280000)
  to   space 14848K, 0% used [0x00000000f5280000,0x00000000f5280000,0x00000000f6100000)
 ParOldGen       total 92672K, used 41523K [0x00000000c1800000, 0x00000000c7280000, 0x00000000eb300000)
  object space 92672K, 44% used [0x00000000c1800000,0x00000000c408ce58,0x00000000c7280000)
 Metaspace       used 16386K, capacity 16588K, committed 16896K, reserved 1064960K
  class space    used 1727K, capacity 1792K, committed 1792K, reserved 1048576K
Event: 13.201 GC heap after
Heap after GC invocations=12 (full 2):
 PSYoungGen      total 162304K, used 11869K [0x00000000eb300000, 0x00000000f6880000, 0x0000000100000000)
  eden space 147456K, 0% used [0x00000000eb300000,0x00000000eb300000,0x00000000f4300000)
  from space 14848K, 79% used [0x00000000f5280000,0x00000000f5e17508,0x00000000f6100000)
  to   space 15872K, 0% used [0x00000000f4300000,0x00000000f4300000,0x00000000f5280000)
 ParOldGen       total 92672K, used 53060K [0x00000000c1800000, 0x00000000c7280000, 0x00000000eb300000)
  object space 92672K, 57% used [0x00000000c1800000,0x00000000c4bd10f0,0x00000000c7280000)
 Metaspace       used 16386K, capacity 16588K, committed 16896K, reserved 1064960K
  class space    used 1727K, capacity 1792K, committed 1792K, reserved 1048576K
}
Event: 16.150 GC heap before
{Heap before GC invocations=13 (full 2):
 PSYoungGen      total 162304K, used 159325K [0x00000000eb300000, 0x00000000f6880000, 0x0000000100000000)
  eden space 147456K, 100% used [0x00000000eb300000,0x00000000f4300000,0x00000000f4300000)
  from space 14848K, 79% used [0x00000000f5280000,0x00000000f5e17508,0x00000000f6100000)
  to   space 15872K, 0% used [0x00000000f4300000,0x00000000f4300000,0x00000000f5280000)
 ParOldGen       total 92672K, used 53060K [0x00000000c1800000, 0x00000000c7280000, 0x00000000eb300000)
  object space 92672K, 57% used [0x00000000c1800000,0x00000000c4bd10f0,0x00000000c7280000)
 Metaspace       used 16597K, capacity 16748K, committed 17024K, reserved 1064960K
  class space    used 1747K, capacity 1824K, committed 1920K, reserved 1048576K
Event: 16.208 GC heap after
Heap after GC invocations=13 (full 2):
 PSYoungGen      total 163328K, used 10143K [0x00000000eb300000, 0x00000000f9380000, 0x0000000100000000)
  eden space 147456K, 0% used [0x00000000eb300000,0x00000000eb300000,0x00000000f4300000)
  from space 15872K, 63% used [0x00000000f4300000,0x00000000f4ce7d50,0x00000000f5280000)
  to   space 16384K, 0% used [0x00000000f8380000,0x00000000f8380000,0x00000000f9380000)
 ParOldGen       total 92672K, used 70344K [0x00000000c1800000, 0x00000000c7280000, 0x00000000eb300000)
  object space 92672K, 75% used [0x00000000c1800000,0x00000000c5cb20c8,0x00000000c7280000)
 Metaspace       used 16597K, capacity 16748K, committed 17024K, reserved 1064960K
  class space    used 1747K, capacity 1824K, committed 1920K, reserved 1048576K
}

